{"/Users/richardbraamburg/Projects/bnz/smartspace.ai-bot/src/app/src/components/ChatWidget.css": {"path":"/Users/richardbraamburg/Projects/bnz/smartspace.ai-bot/src/app/src/components/ChatWidget.css","statementMap":{},"fnMap":{},"branchMap":{},"s":{},"f":{},"b":{},"meta":{"lastBranch":0,"lastFunction":0,"lastStatement":0,"seen":{}}}
,"/Users/richardbraamburg/Projects/bnz/smartspace.ai-bot/src/app/src/components/ChatWidget.jsx": {"path":"/Users/richardbraamburg/Projects/bnz/smartspace.ai-bot/src/app/src/components/ChatWidget.jsx","statementMap":{"0":{"start":{"line":9,"column":2},"end":{"line":9,"column":null}},"1":{"start":{"line":9,"column":40},"end":{"line":9,"column":null}},"2":{"start":{"line":11,"column":2},"end":{"line":11,"column":null}},"3":{"start":{"line":11,"column":35},"end":{"line":11,"column":null}},"4":{"start":{"line":13,"column":2},"end":{"line":13,"column":null}},"5":{"start":{"line":13,"column":32},"end":{"line":13,"column":null}},"6":{"start":{"line":14,"column":2},"end":{"line":14,"column":null}},"7":{"start":{"line":14,"column":30},"end":{"line":14,"column":null}},"8":{"start":{"line":16,"column":2},"end":{"line":16,"column":null}},"9":{"start":{"line":16,"column":42},"end":{"line":16,"column":null}},"10":{"start":{"line":18,"column":2},"end":{"line":18,"column":null}},"11":{"start":{"line":18,"column":28},"end":{"line":18,"column":null}},"12":{"start":{"line":19,"column":2},"end":{"line":19,"column":null}},"13":{"start":{"line":23,"column":16},"end":{"line":23,"column":null}},"14":{"start":{"line":24,"column":17},"end":{"line":24,"column":null}},"15":{"start":{"line":25,"column":20},"end":{"line":25,"column":null}},"16":{"start":{"line":26,"column":15},"end":{"line":26,"column":null}},"17":{"start":{"line":28,"column":2},"end":{"line":58,"column":null}},"18":{"start":{"line":28,"column":15},"end":{"line":28,"column":18}},"19":{"start":{"line":29,"column":17},"end":{"line":29,"column":null}},"20":{"start":{"line":31,"column":4},"end":{"line":57,"column":null}},"21":{"start":{"line":32,"column":6},"end":{"line":35,"column":null}},"22":{"start":{"line":33,"column":8},"end":{"line":33,"column":null}},"23":{"start":{"line":34,"column":8},"end":{"line":34,"column":null}},"24":{"start":{"line":36,"column":6},"end":{"line":36,"column":null}},"25":{"start":{"line":37,"column":6},"end":{"line":37,"column":null}},"26":{"start":{"line":38,"column":6},"end":{"line":38,"column":null}},"27":{"start":{"line":39,"column":4},"end":{"line":57,"column":null}},"28":{"start":{"line":40,"column":6},"end":{"line":40,"column":null}},"29":{"start":{"line":42,"column":24},"end":{"line":42,"column":null}},"30":{"start":{"line":43,"column":6},"end":{"line":48,"column":null}},"31":{"start":{"line":43,"column":19},"end":{"line":43,"column":26}},"32":{"start":{"line":44,"column":8},"end":{"line":47,"column":null}},"33":{"start":{"line":45,"column":10},"end":{"line":45,"column":null}},"34":{"start":{"line":46,"column":10},"end":{"line":46,"column":null}},"35":{"start":{"line":49,"column":6},"end":{"line":54,"column":null}},"36":{"start":{"line":50,"column":8},"end":{"line":50,"column":null}},"37":{"start":{"line":51,"column":8},"end":{"line":51,"column":null}},"38":{"start":{"line":52,"column":8},"end":{"line":52,"column":null}},"39":{"start":{"line":53,"column":8},"end":{"line":53,"column":null}},"40":{"start":{"line":56,"column":6},"end":{"line":56,"column":null}},"41":{"start":{"line":60,"column":2},"end":{"line":63,"column":null}},"42":{"start":{"line":61,"column":4},"end":{"line":61,"column":null}},"43":{"start":{"line":62,"column":4},"end":{"line":62,"column":null}},"44":{"start":{"line":65,"column":2},"end":{"line":65,"column":null}},"45":{"start":{"line":69,"column":23},"end":{"line":69,"column":null}},"46":{"start":{"line":70,"column":28},"end":{"line":79,"column":null}},"47":{"start":{"line":72,"column":21},"end":{"line":72,"column":null}},"48":{"start":{"line":73,"column":4},"end":{"line":76,"column":null}},"49":{"start":{"line":82,"column":26},"end":{"line":82,"column":null}},"50":{"start":{"line":83,"column":30},"end":{"line":83,"column":null}},"51":{"start":{"line":84,"column":31},"end":{"line":84,"column":null}},"52":{"start":{"line":85,"column":30},"end":{"line":85,"column":null}},"53":{"start":{"line":86,"column":25},"end":{"line":86,"column":null}},"54":{"start":{"line":88,"column":19},"end":{"line":1064,"column":null}},"55":{"start":{"line":89,"column":30},"end":{"line":89,"column":null}},"56":{"start":{"line":90,"column":24},"end":{"line":90,"column":null}},"57":{"start":{"line":91,"column":28},"end":{"line":91,"column":null}},"58":{"start":{"line":94,"column":28},"end":{"line":94,"column":null}},"59":{"start":{"line":95,"column":44},"end":{"line":95,"column":null}},"60":{"start":{"line":96,"column":32},"end":{"line":96,"column":null}},"61":{"start":{"line":97,"column":46},"end":{"line":97,"column":null}},"62":{"start":{"line":98,"column":38},"end":{"line":98,"column":null}},"63":{"start":{"line":99,"column":20},"end":{"line":99,"column":null}},"64":{"start":{"line":99,"column":31},"end":{"line":99,"column":53}},"65":{"start":{"line":99,"column":53},"end":{"line":99,"column":100}},"66":{"start":{"line":99,"column":70},"end":{"line":99,"column":93}},"67":{"start":{"line":102,"column":36},"end":{"line":104,"column":null}},"68":{"start":{"line":103,"column":4},"end":{"line":103,"column":null}},"69":{"start":{"line":103,"column":10},"end":{"line":103,"column":69}},"70":{"start":{"line":103,"column":79},"end":{"line":103,"column":93}},"71":{"start":{"line":105,"column":42},"end":{"line":105,"column":null}},"72":{"start":{"line":106,"column":42},"end":{"line":106,"column":null}},"73":{"start":{"line":107,"column":38},"end":{"line":107,"column":null}},"74":{"start":{"line":108,"column":36},"end":{"line":108,"column":null}},"75":{"start":{"line":109,"column":46},"end":{"line":109,"column":null}},"76":{"start":{"line":110,"column":40},"end":{"line":110,"column":null}},"77":{"start":{"line":111,"column":40},"end":{"line":111,"column":null}},"78":{"start":{"line":112,"column":54},"end":{"line":112,"column":null}},"79":{"start":{"line":113,"column":40},"end":{"line":113,"column":null}},"80":{"start":{"line":116,"column":8},"end":{"line":116,"column":null}},"81":{"start":{"line":117,"column":22},"end":{"line":123,"column":null}},"82":{"start":{"line":118,"column":4},"end":{"line":118,"column":null}},"83":{"start":{"line":119,"column":4},"end":{"line":122,"column":null}},"84":{"start":{"line":120,"column":21},"end":{"line":120,"column":null}},"85":{"start":{"line":121,"column":6},"end":{"line":121,"column":null}},"86":{"start":{"line":126,"column":8},"end":{"line":126,"column":null}},"87":{"start":{"line":127,"column":20},"end":{"line":127,"column":null}},"88":{"start":{"line":127,"column":26},"end":{"line":127,"column":null}},"89":{"start":{"line":130,"column":8},"end":{"line":130,"column":null}},"90":{"start":{"line":132,"column":8},"end":{"line":132,"column":null}},"91":{"start":{"line":135,"column":8},"end":{"line":135,"column":null}},"92":{"start":{"line":137,"column":8},"end":{"line":137,"column":null}},"93":{"start":{"line":138,"column":8},"end":{"line":138,"column":null}},"94":{"start":{"line":139,"column":8},"end":{"line":139,"column":null}},"95":{"start":{"line":140,"column":8},"end":{"line":140,"column":null}},"96":{"start":{"line":141,"column":8},"end":{"line":141,"column":null}},"97":{"start":{"line":144,"column":8},"end":{"line":144,"column":null}},"98":{"start":{"line":145,"column":22},"end":{"line":183,"column":null}},"99":{"start":{"line":146,"column":4},"end":{"line":146,"column":null}},"100":{"start":{"line":147,"column":4},"end":{"line":147,"column":null}},"101":{"start":{"line":148,"column":4},"end":{"line":182,"column":null}},"102":{"start":{"line":149,"column":21},"end":{"line":149,"column":null}},"103":{"start":{"line":150,"column":6},"end":{"line":177,"column":null}},"104":{"start":{"line":151,"column":8},"end":{"line":151,"column":null}},"105":{"start":{"line":152,"column":8},"end":{"line":152,"column":null}},"106":{"start":{"line":153,"column":8},"end":{"line":153,"column":null}},"107":{"start":{"line":156,"column":27},"end":{"line":156,"column":null}},"108":{"start":{"line":157,"column":8},"end":{"line":171,"column":null}},"109":{"start":{"line":158,"column":10},"end":{"line":158,"column":null}},"110":{"start":{"line":158,"column":80},"end":{"line":158,"column":null}},"111":{"start":{"line":159,"column":10},"end":{"line":170,"column":null}},"112":{"start":{"line":160,"column":24},"end":{"line":160,"column":null}},"113":{"start":{"line":161,"column":12},"end":{"line":161,"column":null}},"114":{"start":{"line":161,"column":38},"end":{"line":161,"column":null}},"115":{"start":{"line":162,"column":12},"end":{"line":169,"column":null}},"116":{"start":{"line":163,"column":14},"end":{"line":168,"column":null}},"117":{"start":{"line":163,"column":66},"end":{"line":168,"column":16}},"118":{"start":{"line":174,"column":8},"end":{"line":174,"column":null}},"119":{"start":{"line":175,"column":8},"end":{"line":175,"column":null}},"120":{"start":{"line":175,"column":14},"end":{"line":175,"column":58}},"121":{"start":{"line":176,"column":8},"end":{"line":176,"column":null}},"122":{"start":{"line":179,"column":6},"end":{"line":179,"column":null}},"123":{"start":{"line":180,"column":6},"end":{"line":180,"column":null}},"124":{"start":{"line":181,"column":6},"end":{"line":181,"column":null}},"125":{"start":{"line":185,"column":2},"end":{"line":188,"column":null}},"126":{"start":{"line":186,"column":4},"end":{"line":186,"column":null}},"127":{"start":{"line":187,"column":4},"end":{"line":187,"column":null}},"128":{"start":{"line":187,"column":19},"end":{"line":187,"column":48}},"129":{"start":{"line":193,"column":24},"end":{"line":197,"column":null}},"130":{"start":{"line":194,"column":17},"end":{"line":194,"column":null}},"131":{"start":{"line":195,"column":4},"end":{"line":195,"column":null}},"132":{"start":{"line":196,"column":4},"end":{"line":196,"column":null}},"133":{"start":{"line":196,"column":10},"end":{"line":196,"column":65}},"134":{"start":{"line":202,"column":21},"end":{"line":287,"column":null}},"135":{"start":{"line":204,"column":18},"end":{"line":204,"column":null}},"136":{"start":{"line":205,"column":4},"end":{"line":205,"column":null}},"137":{"start":{"line":206,"column":4},"end":{"line":206,"column":null}},"138":{"start":{"line":207,"column":4},"end":{"line":207,"column":null}},"139":{"start":{"line":210,"column":4},"end":{"line":210,"column":null}},"140":{"start":{"line":213,"column":19},"end":{"line":213,"column":null}},"141":{"start":{"line":214,"column":4},"end":{"line":222,"column":null}},"142":{"start":{"line":215,"column":6},"end":{"line":215,"column":null}},"143":{"start":{"line":216,"column":6},"end":{"line":216,"column":null}},"144":{"start":{"line":217,"column":6},"end":{"line":217,"column":null}},"145":{"start":{"line":218,"column":6},"end":{"line":218,"column":null}},"146":{"start":{"line":219,"column":6},"end":{"line":219,"column":null}},"147":{"start":{"line":220,"column":6},"end":{"line":220,"column":null}},"148":{"start":{"line":221,"column":6},"end":{"line":221,"column":null}},"149":{"start":{"line":224,"column":4},"end":{"line":224,"column":null}},"150":{"start":{"line":225,"column":4},"end":{"line":225,"column":null}},"151":{"start":{"line":226,"column":4},"end":{"line":284,"column":null}},"152":{"start":{"line":227,"column":21},"end":{"line":227,"column":null}},"153":{"start":{"line":230,"column":6},"end":{"line":230,"column":null}},"154":{"start":{"line":230,"column":44},"end":{"line":230,"column":63}},"155":{"start":{"line":230,"column":63},"end":{"line":230,"column":71}},"156":{"start":{"line":232,"column":6},"end":{"line":278,"column":null}},"157":{"start":{"line":233,"column":31},"end":{"line":238,"column":null}},"158":{"start":{"line":233,"column":57},"end":{"line":238,"column":10}},"159":{"start":{"line":239,"column":8},"end":{"line":239,"column":null}},"160":{"start":{"line":240,"column":8},"end":{"line":240,"column":null}},"161":{"start":{"line":241,"column":8},"end":{"line":241,"column":null}},"162":{"start":{"line":242,"column":8},"end":{"line":242,"column":null}},"163":{"start":{"line":243,"column":8},"end":{"line":243,"column":null}},"164":{"start":{"line":244,"column":8},"end":{"line":244,"column":null}},"165":{"start":{"line":247,"column":24},"end":{"line":247,"column":null}},"166":{"start":{"line":248,"column":8},"end":{"line":275,"column":null}},"167":{"start":{"line":249,"column":10},"end":{"line":249,"column":null}},"168":{"start":{"line":250,"column":10},"end":{"line":250,"column":null}},"169":{"start":{"line":251,"column":31},"end":{"line":251,"column":null}},"170":{"start":{"line":252,"column":26},"end":{"line":252,"column":null}},"171":{"start":{"line":255,"column":10},"end":{"line":255,"column":null}},"172":{"start":{"line":255,"column":48},"end":{"line":255,"column":67}},"173":{"start":{"line":255,"column":67},"end":{"line":255,"column":75}},"174":{"start":{"line":257,"column":10},"end":{"line":268,"column":null}},"175":{"start":{"line":258,"column":28},"end":{"line":258,"column":null}},"176":{"start":{"line":259,"column":12},"end":{"line":259,"column":null}},"177":{"start":{"line":260,"column":12},"end":{"line":260,"column":null}},"178":{"start":{"line":262,"column":12},"end":{"line":267,"column":null}},"179":{"start":{"line":262,"column":34},"end":{"line":267,"column":14}},"180":{"start":{"line":269,"column":10},"end":{"line":269,"column":null}},"181":{"start":{"line":270,"column":10},"end":{"line":270,"column":null}},"182":{"start":{"line":271,"column":10},"end":{"line":271,"column":null}},"183":{"start":{"line":274,"column":10},"end":{"line":274,"column":null}},"184":{"start":{"line":276,"column":8},"end":{"line":276,"column":null}},"185":{"start":{"line":277,"column":8},"end":{"line":277,"column":null}},"186":{"start":{"line":280,"column":6},"end":{"line":280,"column":null}},"187":{"start":{"line":280,"column":44},"end":{"line":280,"column":63}},"188":{"start":{"line":280,"column":63},"end":{"line":280,"column":71}},"189":{"start":{"line":281,"column":6},"end":{"line":281,"column":null}},"190":{"start":{"line":282,"column":6},"end":{"line":282,"column":null}},"191":{"start":{"line":283,"column":6},"end":{"line":283,"column":null}},"192":{"start":{"line":285,"column":4},"end":{"line":285,"column":null}},"193":{"start":{"line":286,"column":4},"end":{"line":286,"column":null}},"194":{"start":{"line":292,"column":31},"end":{"line":304,"column":null}},"195":{"start":{"line":294,"column":4},"end":{"line":294,"column":null}},"196":{"start":{"line":295,"column":4},"end":{"line":295,"column":null}},"197":{"start":{"line":296,"column":4},"end":{"line":296,"column":null}},"198":{"start":{"line":297,"column":4},"end":{"line":297,"column":null}},"199":{"start":{"line":299,"column":4},"end":{"line":299,"column":null}},"200":{"start":{"line":300,"column":4},"end":{"line":300,"column":null}},"201":{"start":{"line":301,"column":4},"end":{"line":301,"column":null}},"202":{"start":{"line":302,"column":4},"end":{"line":302,"column":null}},"203":{"start":{"line":303,"column":4},"end":{"line":303,"column":null}},"204":{"start":{"line":309,"column":21},"end":{"line":325,"column":null}},"205":{"start":{"line":310,"column":4},"end":{"line":324,"column":null}},"206":{"start":{"line":311,"column":16},"end":{"line":311,"column":null}},"207":{"start":{"line":312,"column":18},"end":{"line":312,"column":null}},"208":{"start":{"line":313,"column":25},"end":{"line":313,"column":null}},"209":{"start":{"line":314,"column":24},"end":{"line":314,"column":null}},"210":{"start":{"line":315,"column":23},"end":{"line":315,"column":null}},"211":{"start":{"line":317,"column":6},"end":{"line":317,"column":null}},"212":{"start":{"line":317,"column":26},"end":{"line":317,"column":null}},"213":{"start":{"line":318,"column":6},"end":{"line":318,"column":null}},"214":{"start":{"line":318,"column":26},"end":{"line":318,"column":null}},"215":{"start":{"line":319,"column":6},"end":{"line":319,"column":null}},"216":{"start":{"line":319,"column":24},"end":{"line":319,"column":null}},"217":{"start":{"line":321,"column":6},"end":{"line":321,"column":null}},"218":{"start":{"line":323,"column":6},"end":{"line":323,"column":null}},"219":{"start":{"line":330,"column":28},"end":{"line":346,"column":null}},"220":{"start":{"line":332,"column":4},"end":{"line":334,"column":null}},"221":{"start":{"line":333,"column":6},"end":{"line":333,"column":null}},"222":{"start":{"line":336,"column":19},"end":{"line":336,"column":null}},"223":{"start":{"line":337,"column":4},"end":{"line":337,"column":null}},"224":{"start":{"line":337,"column":16},"end":{"line":337,"column":null}},"225":{"start":{"line":339,"column":19},"end":{"line":339,"column":null}},"226":{"start":{"line":340,"column":4},"end":{"line":344,"column":null}},"227":{"start":{"line":341,"column":21},"end":{"line":341,"column":null}},"228":{"start":{"line":341,"column":47},"end":{"line":341,"column":115}},"229":{"start":{"line":342,"column":6},"end":{"line":342,"column":null}},"230":{"start":{"line":343,"column":6},"end":{"line":343,"column":null}},"231":{"start":{"line":345,"column":4},"end":{"line":345,"column":null}},"232":{"start":{"line":351,"column":25},"end":{"line":356,"column":null}},"233":{"start":{"line":352,"column":4},"end":{"line":355,"column":null}},"234":{"start":{"line":353,"column":21},"end":{"line":353,"column":null}},"235":{"start":{"line":354,"column":6},"end":{"line":354,"column":null}},"236":{"start":{"line":361,"column":21},"end":{"line":375,"column":null}},"237":{"start":{"line":362,"column":4},"end":{"line":362,"column":null}},"238":{"start":{"line":363,"column":4},"end":{"line":363,"column":null}},"239":{"start":{"line":364,"column":4},"end":{"line":373,"column":null}},"240":{"start":{"line":365,"column":19},"end":{"line":365,"column":null}},"241":{"start":{"line":366,"column":6},"end":{"line":369,"column":null}},"242":{"start":{"line":367,"column":8},"end":{"line":367,"column":null}},"243":{"start":{"line":368,"column":8},"end":{"line":368,"column":null}},"244":{"start":{"line":371,"column":6},"end":{"line":371,"column":null}},"245":{"start":{"line":372,"column":6},"end":{"line":372,"column":null}},"246":{"start":{"line":374,"column":4},"end":{"line":374,"column":null}},"247":{"start":{"line":380,"column":25},"end":{"line":400,"column":null}},"248":{"start":{"line":381,"column":4},"end":{"line":381,"column":null}},"249":{"start":{"line":382,"column":4},"end":{"line":382,"column":null}},"250":{"start":{"line":383,"column":4},"end":{"line":398,"column":null}},"251":{"start":{"line":384,"column":19},"end":{"line":384,"column":null}},"252":{"start":{"line":385,"column":6},"end":{"line":394,"column":null}},"253":{"start":{"line":386,"column":21},"end":{"line":386,"column":null}},"254":{"start":{"line":387,"column":20},"end":{"line":387,"column":null}},"255":{"start":{"line":388,"column":18},"end":{"line":388,"column":null}},"256":{"start":{"line":389,"column":8},"end":{"line":389,"column":null}},"257":{"start":{"line":390,"column":14},"end":{"line":390,"column":null}},"258":{"start":{"line":391,"column":8},"end":{"line":391,"column":null}},"259":{"start":{"line":392,"column":8},"end":{"line":392,"column":null}},"260":{"start":{"line":393,"column":8},"end":{"line":393,"column":null}},"261":{"start":{"line":396,"column":6},"end":{"line":396,"column":null}},"262":{"start":{"line":397,"column":6},"end":{"line":397,"column":null}},"263":{"start":{"line":399,"column":4},"end":{"line":399,"column":null}},"264":{"start":{"line":405,"column":30},"end":{"line":408,"column":null}},"265":{"start":{"line":406,"column":4},"end":{"line":406,"column":null}},"266":{"start":{"line":407,"column":4},"end":{"line":407,"column":null}},"267":{"start":{"line":410,"column":30},"end":{"line":440,"column":null}},"268":{"start":{"line":411,"column":21},"end":{"line":411,"column":null}},"269":{"start":{"line":412,"column":4},"end":{"line":412,"column":null}},"270":{"start":{"line":413,"column":4},"end":{"line":413,"column":null}},"271":{"start":{"line":413,"column":19},"end":{"line":413,"column":null}},"272":{"start":{"line":415,"column":4},"end":{"line":415,"column":null}},"273":{"start":{"line":416,"column":4},"end":{"line":438,"column":null}},"274":{"start":{"line":417,"column":21},"end":{"line":417,"column":null}},"275":{"start":{"line":418,"column":6},"end":{"line":434,"column":null}},"276":{"start":{"line":420,"column":8},"end":{"line":424,"column":null}},"277":{"start":{"line":421,"column":27},"end":{"line":421,"column":null}},"278":{"start":{"line":421,"column":44},"end":{"line":421,"column":67}},"279":{"start":{"line":422,"column":10},"end":{"line":422,"column":null}},"280":{"start":{"line":422,"column":37},"end":{"line":422,"column":null}},"281":{"start":{"line":423,"column":10},"end":{"line":423,"column":null}},"282":{"start":{"line":426,"column":8},"end":{"line":426,"column":null}},"283":{"start":{"line":428,"column":8},"end":{"line":433,"column":null}},"284":{"start":{"line":429,"column":10},"end":{"line":429,"column":null}},"285":{"start":{"line":430,"column":10},"end":{"line":430,"column":null}},"286":{"start":{"line":431,"column":10},"end":{"line":431,"column":null}},"287":{"start":{"line":432,"column":10},"end":{"line":432,"column":null}},"288":{"start":{"line":436,"column":6},"end":{"line":436,"column":null}},"289":{"start":{"line":437,"column":6},"end":{"line":437,"column":null}},"290":{"start":{"line":439,"column":4},"end":{"line":439,"column":null}},"291":{"start":{"line":443,"column":2},"end":{"line":459,"column":null}},"292":{"start":{"line":444,"column":4},"end":{"line":444,"column":null}},"293":{"start":{"line":444,"column":51},"end":{"line":444,"column":null}},"294":{"start":{"line":445,"column":18},"end":{"line":445,"column":null}},"295":{"start":{"line":446,"column":22},"end":{"line":446,"column":null}},"296":{"start":{"line":447,"column":4},"end":{"line":447,"column":null}},"297":{"start":{"line":447,"column":26},"end":{"line":447,"column":null}},"298":{"start":{"line":449,"column":26},"end":{"line":456,"column":null}},"299":{"start":{"line":450,"column":6},"end":{"line":450,"column":null}},"300":{"start":{"line":450,"column":32},"end":{"line":450,"column":56}},"301":{"start":{"line":450,"column":56},"end":{"line":450,"column":64}},"302":{"start":{"line":451,"column":6},"end":{"line":451,"column":null}},"303":{"start":{"line":451,"column":48},"end":{"line":451,"column":null}},"304":{"start":{"line":452,"column":20},"end":{"line":452,"column":null}},"305":{"start":{"line":453,"column":19},"end":{"line":453,"column":null}},"306":{"start":{"line":454,"column":6},"end":{"line":455,"column":null}},"307":{"start":{"line":454,"column":60},"end":{"line":454,"column":80}},"308":{"start":{"line":454,"column":80},"end":{"line":454,"column":94}},"309":{"start":{"line":454,"column":94},"end":{"line":455,"column":null}},"310":{"start":{"line":455,"column":65},"end":{"line":455,"column":85}},"311":{"start":{"line":455,"column":85},"end":{"line":455,"column":100}},"312":{"start":{"line":457,"column":4},"end":{"line":457,"column":null}},"313":{"start":{"line":458,"column":4},"end":{"line":458,"column":null}},"314":{"start":{"line":458,"column":17},"end":{"line":458,"column":null}},"315":{"start":{"line":462,"column":2},"end":{"line":472,"column":null}},"316":{"start":{"line":463,"column":4},"end":{"line":471,"column":null}},"317":{"start":{"line":464,"column":6},"end":{"line":464,"column":null}},"318":{"start":{"line":465,"column":6},"end":{"line":470,"column":null}},"319":{"start":{"line":466,"column":8},"end":{"line":469,"column":null}},"320":{"start":{"line":475,"column":2},"end":{"line":484,"column":null}},"321":{"start":{"line":476,"column":4},"end":{"line":483,"column":null}},"322":{"start":{"line":477,"column":6},"end":{"line":482,"column":null}},"323":{"start":{"line":478,"column":21},"end":{"line":478,"column":null}},"324":{"start":{"line":479,"column":8},"end":{"line":481,"column":null}},"325":{"start":{"line":480,"column":10},"end":{"line":480,"column":null}},"326":{"start":{"line":487,"column":8},"end":{"line":487,"column":null}},"327":{"start":{"line":488,"column":27},"end":{"line":492,"column":null}},"328":{"start":{"line":489,"column":15},"end":{"line":489,"column":null}},"329":{"start":{"line":490,"column":4},"end":{"line":490,"column":null}},"330":{"start":{"line":490,"column":13},"end":{"line":490,"column":null}},"331":{"start":{"line":491,"column":4},"end":{"line":491,"column":null}},"332":{"start":{"line":494,"column":2},"end":{"line":501,"column":null}},"333":{"start":{"line":495,"column":4},"end":{"line":500,"column":null}},"334":{"start":{"line":496,"column":6},"end":{"line":499,"column":null}},"335":{"start":{"line":507,"column":27},"end":{"line":553,"column":null}},"336":{"start":{"line":509,"column":4},"end":{"line":511,"column":null}},"337":{"start":{"line":510,"column":6},"end":{"line":510,"column":null}},"338":{"start":{"line":513,"column":19},"end":{"line":515,"column":null}},"339":{"start":{"line":518,"column":21},"end":{"line":522,"column":null}},"340":{"start":{"line":520,"column":8},"end":{"line":521,"column":null}},"341":{"start":{"line":524,"column":4},"end":{"line":526,"column":null}},"342":{"start":{"line":525,"column":6},"end":{"line":525,"column":null}},"343":{"start":{"line":528,"column":16},"end":{"line":528,"column":null}},"344":{"start":{"line":529,"column":15},"end":{"line":529,"column":null}},"345":{"start":{"line":532,"column":4},"end":{"line":542,"column":null}},"346":{"start":{"line":533,"column":29},"end":{"line":535,"column":null}},"347":{"start":{"line":534,"column":15},"end":{"line":534,"column":null}},"348":{"start":{"line":536,"column":6},"end":{"line":539,"column":null}},"349":{"start":{"line":541,"column":6},"end":{"line":541,"column":null}},"350":{"start":{"line":544,"column":4},"end":{"line":546,"column":null}},"351":{"start":{"line":545,"column":6},"end":{"line":545,"column":null}},"352":{"start":{"line":549,"column":4},"end":{"line":552,"column":null}},"353":{"start":{"line":559,"column":26},"end":{"line":648,"column":null}},"354":{"start":{"line":560,"column":4},"end":{"line":560,"column":null}},"355":{"start":{"line":562,"column":4},"end":{"line":644,"column":null}},"356":{"start":{"line":562,"column":17},"end":{"line":562,"column":20}},"357":{"start":{"line":564,"column":6},"end":{"line":568,"column":null}},"358":{"start":{"line":565,"column":8},"end":{"line":565,"column":null}},"359":{"start":{"line":566,"column":8},"end":{"line":566,"column":null}},"360":{"start":{"line":567,"column":8},"end":{"line":567,"column":null}},"361":{"start":{"line":571,"column":6},"end":{"line":571,"column":null}},"362":{"start":{"line":571,"column":20},"end":{"line":571,"column":null}},"363":{"start":{"line":572,"column":6},"end":{"line":572,"column":null}},"364":{"start":{"line":572,"column":20},"end":{"line":572,"column":null}},"365":{"start":{"line":574,"column":6},"end":{"line":643,"column":null}},"366":{"start":{"line":576,"column":8},"end":{"line":579,"column":null}},"367":{"start":{"line":577,"column":24},"end":{"line":577,"column":null}},"368":{"start":{"line":578,"column":10},"end":{"line":578,"column":null}},"369":{"start":{"line":578,"column":37},"end":{"line":578,"column":59}},"370":{"start":{"line":582,"column":8},"end":{"line":585,"column":null}},"371":{"start":{"line":583,"column":10},"end":{"line":583,"column":null}},"372":{"start":{"line":584,"column":10},"end":{"line":584,"column":null}},"373":{"start":{"line":588,"column":25},"end":{"line":592,"column":null}},"374":{"start":{"line":594,"column":8},"end":{"line":596,"column":null}},"375":{"start":{"line":599,"column":23},"end":{"line":599,"column":null}},"376":{"start":{"line":601,"column":8},"end":{"line":619,"column":null}},"377":{"start":{"line":603,"column":10},"end":{"line":610,"column":null}},"378":{"start":{"line":607,"column":12},"end":{"line":607,"column":null}},"379":{"start":{"line":608,"column":12},"end":{"line":608,"column":null}},"380":{"start":{"line":609,"column":12},"end":{"line":609,"column":null}},"381":{"start":{"line":613,"column":10},"end":{"line":616,"column":null}},"382":{"start":{"line":614,"column":12},"end":{"line":614,"column":null}},"383":{"start":{"line":615,"column":12},"end":{"line":615,"column":null}},"384":{"start":{"line":618,"column":10},"end":{"line":618,"column":null}},"385":{"start":{"line":622,"column":8},"end":{"line":625,"column":null}},"386":{"start":{"line":623,"column":10},"end":{"line":623,"column":null}},"387":{"start":{"line":624,"column":10},"end":{"line":624,"column":null}},"388":{"start":{"line":628,"column":8},"end":{"line":631,"column":null}},"389":{"start":{"line":629,"column":10},"end":{"line":629,"column":null}},"390":{"start":{"line":630,"column":10},"end":{"line":630,"column":null}},"391":{"start":{"line":633,"column":8},"end":{"line":633,"column":null}},"392":{"start":{"line":636,"column":8},"end":{"line":639,"column":null}},"393":{"start":{"line":637,"column":10},"end":{"line":637,"column":null}},"394":{"start":{"line":638,"column":10},"end":{"line":638,"column":null}},"395":{"start":{"line":642,"column":8},"end":{"line":642,"column":null}},"396":{"start":{"line":642,"column":35},"end":{"line":642,"column":56}},"397":{"start":{"line":646,"column":4},"end":{"line":646,"column":null}},"398":{"start":{"line":647,"column":4},"end":{"line":647,"column":null}},"399":{"start":{"line":653,"column":22},"end":{"line":793,"column":null}},"400":{"start":{"line":655,"column":4},"end":{"line":657,"column":null}},"401":{"start":{"line":656,"column":6},"end":{"line":656,"column":null}},"402":{"start":{"line":660,"column":4},"end":{"line":660,"column":null}},"403":{"start":{"line":661,"column":4},"end":{"line":661,"column":null}},"404":{"start":{"line":662,"column":18},"end":{"line":662,"column":null}},"405":{"start":{"line":664,"column":10},"end":{"line":664,"column":null}},"406":{"start":{"line":665,"column":25},"end":{"line":665,"column":null}},"407":{"start":{"line":666,"column":24},"end":{"line":666,"column":null}},"408":{"start":{"line":667,"column":27},"end":{"line":667,"column":null}},"409":{"start":{"line":670,"column":4},"end":{"line":672,"column":null}},"410":{"start":{"line":671,"column":6},"end":{"line":671,"column":null}},"411":{"start":{"line":675,"column":4},"end":{"line":675,"column":null}},"412":{"start":{"line":675,"column":26},"end":{"line":675,"column":48}},"413":{"start":{"line":676,"column":4},"end":{"line":676,"column":null}},"414":{"start":{"line":677,"column":4},"end":{"line":677,"column":null}},"415":{"start":{"line":678,"column":4},"end":{"line":680,"column":null}},"416":{"start":{"line":679,"column":6},"end":{"line":679,"column":null}},"417":{"start":{"line":682,"column":26},"end":{"line":682,"column":null}},"418":{"start":{"line":683,"column":18},"end":{"line":683,"column":null}},"419":{"start":{"line":684,"column":18},"end":{"line":684,"column":null}},"420":{"start":{"line":686,"column":4},"end":{"line":792,"column":null}},"421":{"start":{"line":687,"column":6},"end":{"line":687,"column":null}},"422":{"start":{"line":689,"column":23},"end":{"line":693,"column":null}},"423":{"start":{"line":695,"column":6},"end":{"line":695,"column":null}},"424":{"start":{"line":698,"column":6},"end":{"line":731,"column":null}},"425":{"start":{"line":699,"column":8},"end":{"line":699,"column":null}},"426":{"start":{"line":700,"column":8},"end":{"line":700,"column":null}},"427":{"start":{"line":701,"column":8},"end":{"line":701,"column":null}},"428":{"start":{"line":702,"column":8},"end":{"line":704,"column":null}},"429":{"start":{"line":707,"column":8},"end":{"line":724,"column":null}},"430":{"start":{"line":708,"column":10},"end":{"line":708,"column":null}},"431":{"start":{"line":709,"column":10},"end":{"line":709,"column":null}},"432":{"start":{"line":712,"column":10},"end":{"line":723,"column":null}},"433":{"start":{"line":713,"column":12},"end":{"line":720,"column":null}},"434":{"start":{"line":714,"column":14},"end":{"line":714,"column":null}},"435":{"start":{"line":714,"column":33},"end":{"line":714,"column":63}},"436":{"start":{"line":714,"column":66},"end":{"line":714,"column":null}},"437":{"start":{"line":715,"column":14},"end":{"line":719,"column":null}},"438":{"start":{"line":721,"column":12},"end":{"line":721,"column":null}},"439":{"start":{"line":722,"column":12},"end":{"line":722,"column":null}},"440":{"start":{"line":727,"column":8},"end":{"line":730,"column":null}},"441":{"start":{"line":728,"column":10},"end":{"line":728,"column":null}},"442":{"start":{"line":729,"column":10},"end":{"line":729,"column":null}},"443":{"start":{"line":733,"column":6},"end":{"line":733,"column":null}},"444":{"start":{"line":735,"column":6},"end":{"line":756,"column":null}},"445":{"start":{"line":736,"column":8},"end":{"line":736,"column":null}},"446":{"start":{"line":737,"column":8},"end":{"line":737,"column":null}},"447":{"start":{"line":738,"column":8},"end":{"line":740,"column":null}},"448":{"start":{"line":742,"column":33},"end":{"line":742,"column":null}},"449":{"start":{"line":744,"column":8},"end":{"line":755,"column":null}},"450":{"start":{"line":745,"column":10},"end":{"line":745,"column":null}},"451":{"start":{"line":746,"column":10},"end":{"line":746,"column":null}},"452":{"start":{"line":747,"column":10},"end":{"line":747,"column":null}},"453":{"start":{"line":749,"column":32},"end":{"line":749,"column":null}},"454":{"start":{"line":750,"column":30},"end":{"line":750,"column":null}},"455":{"start":{"line":752,"column":10},"end":{"line":754,"column":null}},"456":{"start":{"line":753,"column":12},"end":{"line":753,"column":null}},"457":{"start":{"line":759,"column":6},"end":{"line":764,"column":null}},"458":{"start":{"line":760,"column":8},"end":{"line":760,"column":null}},"459":{"start":{"line":761,"column":8},"end":{"line":761,"column":null}},"460":{"start":{"line":762,"column":8},"end":{"line":762,"column":null}},"461":{"start":{"line":763,"column":8},"end":{"line":763,"column":null}},"462":{"start":{"line":766,"column":6},"end":{"line":768,"column":null}},"463":{"start":{"line":767,"column":8},"end":{"line":767,"column":null}},"464":{"start":{"line":770,"column":6},"end":{"line":770,"column":null}},"465":{"start":{"line":773,"column":8},"end":{"line":773,"column":null}},"466":{"start":{"line":775,"column":6},"end":{"line":780,"column":null}},"467":{"start":{"line":775,"column":28},"end":{"line":780,"column":8}},"468":{"start":{"line":784,"column":6},"end":{"line":786,"column":null}},"469":{"start":{"line":785,"column":8},"end":{"line":785,"column":null}},"470":{"start":{"line":788,"column":6},"end":{"line":788,"column":null}},"471":{"start":{"line":789,"column":6},"end":{"line":789,"column":null}},"472":{"start":{"line":790,"column":6},"end":{"line":790,"column":null}},"473":{"start":{"line":791,"column":6},"end":{"line":791,"column":null}},"474":{"start":{"line":798,"column":26},"end":{"line":806,"column":null}},"475":{"start":{"line":799,"column":4},"end":{"line":805,"column":null}},"476":{"start":{"line":800,"column":6},"end":{"line":800,"column":null}},"477":{"start":{"line":801,"column":6},"end":{"line":801,"column":null}},"478":{"start":{"line":802,"column":6},"end":{"line":802,"column":null}},"479":{"start":{"line":802,"column":23},"end":{"line":802,"column":43}},"480":{"start":{"line":804,"column":6},"end":{"line":804,"column":null}},"481":{"start":{"line":812,"column":27},"end":{"line":820,"column":null}},"482":{"start":{"line":813,"column":4},"end":{"line":819,"column":null}},"483":{"start":{"line":814,"column":6},"end":{"line":814,"column":null}},"484":{"start":{"line":815,"column":6},"end":{"line":815,"column":null}},"485":{"start":{"line":817,"column":6},"end":{"line":817,"column":null}},"486":{"start":{"line":818,"column":6},"end":{"line":818,"column":null}},"487":{"start":{"line":825,"column":31},"end":{"line":833,"column":null}},"488":{"start":{"line":826,"column":17},"end":{"line":826,"column":null}},"489":{"start":{"line":827,"column":16},"end":{"line":827,"column":null}},"490":{"start":{"line":828,"column":14},"end":{"line":828,"column":null}},"491":{"start":{"line":829,"column":4},"end":{"line":829,"column":null}},"492":{"start":{"line":830,"column":4},"end":{"line":830,"column":null}},"493":{"start":{"line":831,"column":4},"end":{"line":831,"column":null}},"494":{"start":{"line":832,"column":4},"end":{"line":832,"column":null}},"495":{"start":{"line":838,"column":28},"end":{"line":843,"column":null}},"496":{"start":{"line":839,"column":4},"end":{"line":839,"column":null}},"497":{"start":{"line":840,"column":15},"end":{"line":840,"column":null}},"498":{"start":{"line":841,"column":4},"end":{"line":841,"column":null}},"499":{"start":{"line":842,"column":4},"end":{"line":842,"column":null}},"500":{"start":{"line":848,"column":24},"end":{"line":853,"column":null}},"501":{"start":{"line":849,"column":4},"end":{"line":852,"column":null}},"502":{"start":{"line":850,"column":6},"end":{"line":850,"column":null}},"503":{"start":{"line":851,"column":6},"end":{"line":851,"column":null}},"504":{"start":{"line":855,"column":2},"end":{"line":1062,"column":null}},"505":{"start":{"line":862,"column":69},"end":{"line":862,"column":92}},"506":{"start":{"line":862,"column":92},"end":{"line":862,"column":159}},"507":{"start":{"line":862,"column":98},"end":{"line":862,"column":148}},"508":{"start":{"line":888,"column":16},"end":{"line":924,"column":null}},"509":{"start":{"line":891,"column":33},"end":{"line":891,"column":null}},"510":{"start":{"line":892,"column":38},"end":{"line":892,"column":131}},"511":{"start":{"line":892,"column":80},"end":{"line":892,"column":100}},"512":{"start":{"line":892,"column":100},"end":{"line":892,"column":129}},"513":{"start":{"line":905,"column":79},"end":{"line":905,"column":111}},"514":{"start":{"line":910,"column":79},"end":{"line":910,"column":135}},"515":{"start":{"line":915,"column":86},"end":{"line":915,"column":127}},"516":{"start":{"line":933,"column":62},"end":{"line":933,"column":86}},"517":{"start":{"line":933,"column":106},"end":{"line":933,"column":154}},"518":{"start":{"line":933,"column":130},"end":{"line":933,"column":154}},"519":{"start":{"line":934,"column":77},"end":{"line":934,"column":null}},"520":{"start":{"line":937,"column":73},"end":{"line":937,"column":97}},"521":{"start":{"line":996,"column":12},"end":{"line":1025,"column":null}},"522":{"start":{"line":1001,"column":33},"end":{"line":1001,"column":null}}},"fnMap":{"0":{"name":"isDiagramLine","decl":{"start":{"line":7,"column":9},"end":{"line":7,"column":23}},"loc":{"start":{"line":7,"column":29},"end":{"line":20,"column":null}},"line":7},"1":{"name":"preprocessMarkdown","decl":{"start":{"line":22,"column":9},"end":{"line":22,"column":28}},"loc":{"start":{"line":22,"column":34},"end":{"line":66,"column":null}},"line":22},"2":{"name":"(anonymous_2)","decl":{"start":{"line":71,"column":5},"end":{"line":71,"column":6}},"loc":{"start":{"line":71,"column":29},"end":{"line":78,"column":null}},"line":71},"3":{"name":"(anonymous_3)","decl":{"start":{"line":88,"column":19},"end":{"line":88,"column":25}},"loc":{"start":{"line":88,"column":25},"end":{"line":1064,"column":null}},"line":88},"4":{"name":"(anonymous_4)","decl":{"start":{"line":99,"column":20},"end":{"line":99,"column":21}},"loc":{"start":{"line":99,"column":29},"end":{"line":99,"column":null}},"line":99},"5":{"name":"(anonymous_5)","decl":{"start":{"line":99,"column":64},"end":{"line":99,"column":70}},"loc":{"start":{"line":99,"column":70},"end":{"line":99,"column":93}},"line":99},"6":{"name":"(anonymous_6)","decl":{"start":{"line":102,"column":49},"end":{"line":102,"column":55}},"loc":{"start":{"line":102,"column":55},"end":{"line":104,"column":3}},"line":102},"7":{"name":"(anonymous_7)","decl":{"start":{"line":117,"column":22},"end":{"line":117,"column":23}},"loc":{"start":{"line":117,"column":42},"end":{"line":123,"column":null}},"line":117},"8":{"name":"(anonymous_8)","decl":{"start":{"line":127,"column":20},"end":{"line":127,"column":26}},"loc":{"start":{"line":127,"column":26},"end":{"line":127,"column":null}},"line":127},"9":{"name":"(anonymous_9)","decl":{"start":{"line":145,"column":22},"end":{"line":145,"column":34}},"loc":{"start":{"line":145,"column":34},"end":{"line":183,"column":null}},"line":145},"10":{"name":"(anonymous_10)","decl":{"start":{"line":163,"column":60},"end":{"line":163,"column":66}},"loc":{"start":{"line":163,"column":66},"end":{"line":168,"column":16}},"line":163},"11":{"name":"(anonymous_11)","decl":{"start":{"line":185,"column":12},"end":{"line":185,"column":18}},"loc":{"start":{"line":185,"column":18},"end":{"line":188,"column":5}},"line":185},"12":{"name":"(anonymous_12)","decl":{"start":{"line":187,"column":11},"end":{"line":187,"column":17}},"loc":{"start":{"line":187,"column":17},"end":{"line":187,"column":null}},"line":187},"13":{"name":"(anonymous_13)","decl":{"start":{"line":193,"column":24},"end":{"line":193,"column":30}},"loc":{"start":{"line":193,"column":30},"end":{"line":197,"column":null}},"line":193},"14":{"name":"(anonymous_14)","decl":{"start":{"line":202,"column":21},"end":{"line":202,"column":28}},"loc":{"start":{"line":202,"column":41},"end":{"line":287,"column":null}},"line":202},"15":{"name":"(anonymous_15)","decl":{"start":{"line":233,"column":51},"end":{"line":233,"column":57}},"loc":{"start":{"line":233,"column":57},"end":{"line":238,"column":10}},"line":233},"16":{"name":"(anonymous_16)","decl":{"start":{"line":262,"column":24},"end":{"line":262,"column":25}},"loc":{"start":{"line":262,"column":34},"end":{"line":267,"column":14}},"line":262},"17":{"name":"(anonymous_17)","decl":{"start":{"line":292,"column":31},"end":{"line":292,"column":37}},"loc":{"start":{"line":292,"column":37},"end":{"line":304,"column":null}},"line":292},"18":{"name":"(anonymous_18)","decl":{"start":{"line":309,"column":21},"end":{"line":309,"column":22}},"loc":{"start":{"line":309,"column":34},"end":{"line":325,"column":null}},"line":309},"19":{"name":"(anonymous_19)","decl":{"start":{"line":330,"column":28},"end":{"line":330,"column":35}},"loc":{"start":{"line":330,"column":48},"end":{"line":346,"column":null}},"line":330},"20":{"name":"(anonymous_20)","decl":{"start":{"line":341,"column":41},"end":{"line":341,"column":47}},"loc":{"start":{"line":341,"column":47},"end":{"line":341,"column":115}},"line":341},"21":{"name":"(anonymous_21)","decl":{"start":{"line":351,"column":25},"end":{"line":351,"column":26}},"loc":{"start":{"line":351,"column":35},"end":{"line":356,"column":null}},"line":351},"22":{"name":"(anonymous_22)","decl":{"start":{"line":352,"column":20},"end":{"line":352,"column":25}},"loc":{"start":{"line":352,"column":25},"end":{"line":355,"column":5}},"line":352},"23":{"name":"(anonymous_23)","decl":{"start":{"line":361,"column":21},"end":{"line":361,"column":28}},"loc":{"start":{"line":361,"column":44},"end":{"line":375,"column":null}},"line":361},"24":{"name":"(anonymous_24)","decl":{"start":{"line":380,"column":25},"end":{"line":380,"column":32}},"loc":{"start":{"line":380,"column":61},"end":{"line":400,"column":null}},"line":380},"25":{"name":"(anonymous_25)","decl":{"start":{"line":405,"column":30},"end":{"line":405,"column":31}},"loc":{"start":{"line":405,"column":47},"end":{"line":408,"column":null}},"line":405},"26":{"name":"(anonymous_26)","decl":{"start":{"line":410,"column":30},"end":{"line":410,"column":42}},"loc":{"start":{"line":410,"column":42},"end":{"line":440,"column":null}},"line":410},"27":{"name":"(anonymous_27)","decl":{"start":{"line":420,"column":26},"end":{"line":420,"column":27}},"loc":{"start":{"line":420,"column":36},"end":{"line":424,"column":9}},"line":420},"28":{"name":"(anonymous_28)","decl":{"start":{"line":421,"column":39},"end":{"line":421,"column":44}},"loc":{"start":{"line":421,"column":44},"end":{"line":421,"column":67}},"line":421},"29":{"name":"(anonymous_29)","decl":{"start":{"line":443,"column":12},"end":{"line":443,"column":18}},"loc":{"start":{"line":443,"column":18},"end":{"line":459,"column":5}},"line":443},"30":{"name":"(anonymous_30)","decl":{"start":{"line":449,"column":26},"end":{"line":449,"column":27}},"loc":{"start":{"line":449,"column":33},"end":{"line":456,"column":null}},"line":449},"31":{"name":"(anonymous_31)","decl":{"start":{"line":458,"column":11},"end":{"line":458,"column":17}},"loc":{"start":{"line":458,"column":17},"end":{"line":458,"column":null}},"line":458},"32":{"name":"(anonymous_32)","decl":{"start":{"line":462,"column":12},"end":{"line":462,"column":18}},"loc":{"start":{"line":462,"column":18},"end":{"line":472,"column":5}},"line":462},"33":{"name":"(anonymous_33)","decl":{"start":{"line":465,"column":17},"end":{"line":465,"column":23}},"loc":{"start":{"line":465,"column":23},"end":{"line":470,"column":9}},"line":465},"34":{"name":"(anonymous_34)","decl":{"start":{"line":475,"column":12},"end":{"line":475,"column":18}},"loc":{"start":{"line":475,"column":18},"end":{"line":484,"column":5}},"line":475},"35":{"name":"(anonymous_35)","decl":{"start":{"line":477,"column":17},"end":{"line":477,"column":23}},"loc":{"start":{"line":477,"column":23},"end":{"line":482,"column":9}},"line":477},"36":{"name":"(anonymous_36)","decl":{"start":{"line":488,"column":27},"end":{"line":488,"column":33}},"loc":{"start":{"line":488,"column":33},"end":{"line":492,"column":null}},"line":488},"37":{"name":"(anonymous_37)","decl":{"start":{"line":494,"column":12},"end":{"line":494,"column":18}},"loc":{"start":{"line":494,"column":18},"end":{"line":501,"column":5}},"line":494},"38":{"name":"(anonymous_38)","decl":{"start":{"line":507,"column":27},"end":{"line":507,"column":28}},"loc":{"start":{"line":507,"column":41},"end":{"line":553,"column":null}},"line":507},"39":{"name":"(anonymous_39)","decl":{"start":{"line":519,"column":6},"end":{"line":519,"column":7}},"loc":{"start":{"line":520,"column":8},"end":{"line":521,"column":null}},"line":520},"40":{"name":"(anonymous_40)","decl":{"start":{"line":534,"column":8},"end":{"line":534,"column":9}},"loc":{"start":{"line":534,"column":15},"end":{"line":534,"column":null}},"line":534},"41":{"name":"(anonymous_41)","decl":{"start":{"line":559,"column":26},"end":{"line":559,"column":33}},"loc":{"start":{"line":559,"column":94},"end":{"line":648,"column":null}},"line":559},"42":{"name":"(anonymous_42)","decl":{"start":{"line":578,"column":28},"end":{"line":578,"column":29}},"loc":{"start":{"line":578,"column":37},"end":{"line":578,"column":59}},"line":578},"43":{"name":"(anonymous_43)","decl":{"start":{"line":642,"column":26},"end":{"line":642,"column":27}},"loc":{"start":{"line":642,"column":35},"end":{"line":642,"column":56}},"line":642},"44":{"name":"(anonymous_44)","decl":{"start":{"line":653,"column":22},"end":{"line":653,"column":34}},"loc":{"start":{"line":653,"column":34},"end":{"line":793,"column":null}},"line":653},"45":{"name":"(anonymous_45)","decl":{"start":{"line":675,"column":16},"end":{"line":675,"column":17}},"loc":{"start":{"line":675,"column":26},"end":{"line":675,"column":48}},"line":675},"46":{"name":"(anonymous_46)","decl":{"start":{"line":713,"column":30},"end":{"line":713,"column":31}},"loc":{"start":{"line":713,"column":40},"end":{"line":720,"column":13}},"line":713},"47":{"name":"(anonymous_47)","decl":{"start":{"line":714,"column":28},"end":{"line":714,"column":33}},"loc":{"start":{"line":714,"column":33},"end":{"line":714,"column":63}},"line":714},"48":{"name":"(anonymous_48)","decl":{"start":{"line":775,"column":18},"end":{"line":775,"column":19}},"loc":{"start":{"line":775,"column":28},"end":{"line":780,"column":8}},"line":775},"49":{"name":"(anonymous_49)","decl":{"start":{"line":798,"column":26},"end":{"line":798,"column":33}},"loc":{"start":{"line":798,"column":47},"end":{"line":806,"column":null}},"line":798},"50":{"name":"(anonymous_50)","decl":{"start":{"line":802,"column":17},"end":{"line":802,"column":23}},"loc":{"start":{"line":802,"column":23},"end":{"line":802,"column":43}},"line":802},"51":{"name":"(anonymous_51)","decl":{"start":{"line":812,"column":27},"end":{"line":812,"column":39}},"loc":{"start":{"line":812,"column":39},"end":{"line":820,"column":null}},"line":812},"52":{"name":"(anonymous_52)","decl":{"start":{"line":825,"column":31},"end":{"line":825,"column":37}},"loc":{"start":{"line":825,"column":37},"end":{"line":833,"column":null}},"line":825},"53":{"name":"(anonymous_53)","decl":{"start":{"line":838,"column":28},"end":{"line":838,"column":29}},"loc":{"start":{"line":838,"column":35},"end":{"line":843,"column":null}},"line":838},"54":{"name":"(anonymous_54)","decl":{"start":{"line":848,"column":24},"end":{"line":848,"column":25}},"loc":{"start":{"line":848,"column":31},"end":{"line":853,"column":null}},"line":848},"55":{"name":"(anonymous_55)","decl":{"start":{"line":862,"column":61},"end":{"line":862,"column":67}},"loc":{"start":{"line":862,"column":67},"end":{"line":862,"column":162}},"line":862},"56":{"name":"(anonymous_56)","decl":{"start":{"line":887,"column":33},"end":{"line":887,"column":34}},"loc":{"start":{"line":888,"column":16},"end":{"line":924,"column":null}},"line":888},"57":{"name":"(anonymous_57)","decl":{"start":{"line":891,"column":27},"end":{"line":891,"column":33}},"loc":{"start":{"line":891,"column":33},"end":{"line":891,"column":null}},"line":891},"58":{"name":"(anonymous_58)","decl":{"start":{"line":892,"column":29},"end":{"line":892,"column":30}},"loc":{"start":{"line":892,"column":36},"end":{"line":892,"column":null}},"line":892},"59":{"name":"(anonymous_59)","decl":{"start":{"line":905,"column":72},"end":{"line":905,"column":73}},"loc":{"start":{"line":905,"column":79},"end":{"line":905,"column":111}},"line":905},"60":{"name":"(anonymous_60)","decl":{"start":{"line":910,"column":72},"end":{"line":910,"column":73}},"loc":{"start":{"line":910,"column":79},"end":{"line":910,"column":135}},"line":910},"61":{"name":"(anonymous_61)","decl":{"start":{"line":915,"column":79},"end":{"line":915,"column":80}},"loc":{"start":{"line":915,"column":86},"end":{"line":915,"column":127}},"line":915},"62":{"name":"(anonymous_62)","decl":{"start":{"line":933,"column":56},"end":{"line":933,"column":62}},"loc":{"start":{"line":933,"column":62},"end":{"line":933,"column":86}},"line":933},"63":{"name":"(anonymous_63)","decl":{"start":{"line":933,"column":97},"end":{"line":933,"column":98}},"loc":{"start":{"line":933,"column":104},"end":{"line":933,"column":null}},"line":933},"64":{"name":"(anonymous_64)","decl":{"start":{"line":934,"column":70},"end":{"line":934,"column":71}},"loc":{"start":{"line":934,"column":77},"end":{"line":934,"column":null}},"line":934},"65":{"name":"(anonymous_65)","decl":{"start":{"line":937,"column":67},"end":{"line":937,"column":73}},"loc":{"start":{"line":937,"column":73},"end":{"line":937,"column":97}},"line":937},"66":{"name":"(anonymous_66)","decl":{"start":{"line":995,"column":24},"end":{"line":995,"column":25}},"loc":{"start":{"line":996,"column":12},"end":{"line":1025,"column":null}},"line":996},"67":{"name":"(anonymous_67)","decl":{"start":{"line":1001,"column":27},"end":{"line":1001,"column":33}},"loc":{"start":{"line":1001,"column":33},"end":{"line":1001,"column":null}},"line":1001}},"branchMap":{"0":{"loc":{"start":{"line":9,"column":2},"end":{"line":9,"column":null}},"type":"if","locations":[{"start":{"line":9,"column":2},"end":{"line":9,"column":null}},{"start":{},"end":{}}],"line":9},"1":{"loc":{"start":{"line":11,"column":2},"end":{"line":11,"column":null}},"type":"if","locations":[{"start":{"line":11,"column":2},"end":{"line":11,"column":null}},{"start":{},"end":{}}],"line":11},"2":{"loc":{"start":{"line":13,"column":2},"end":{"line":13,"column":null}},"type":"if","locations":[{"start":{"line":13,"column":2},"end":{"line":13,"column":null}},{"start":{},"end":{}}],"line":13},"3":{"loc":{"start":{"line":14,"column":2},"end":{"line":14,"column":null}},"type":"if","locations":[{"start":{"line":14,"column":2},"end":{"line":14,"column":null}},{"start":{},"end":{}}],"line":14},"4":{"loc":{"start":{"line":16,"column":2},"end":{"line":16,"column":null}},"type":"if","locations":[{"start":{"line":16,"column":2},"end":{"line":16,"column":null}},{"start":{},"end":{}}],"line":16},"5":{"loc":{"start":{"line":18,"column":2},"end":{"line":18,"column":null}},"type":"if","locations":[{"start":{"line":18,"column":2},"end":{"line":18,"column":null}},{"start":{},"end":{}}],"line":18},"6":{"loc":{"start":{"line":31,"column":4},"end":{"line":57,"column":null}},"type":"if","locations":[{"start":{"line":31,"column":4},"end":{"line":57,"column":null}},{"start":{"line":39,"column":4},"end":{"line":57,"column":null}}],"line":31},"7":{"loc":{"start":{"line":32,"column":6},"end":{"line":35,"column":null}},"type":"if","locations":[{"start":{"line":32,"column":6},"end":{"line":35,"column":null}},{"start":{},"end":{}}],"line":32},"8":{"loc":{"start":{"line":39,"column":4},"end":{"line":57,"column":null}},"type":"if","locations":[{"start":{"line":39,"column":4},"end":{"line":57,"column":null}},{"start":{"line":55,"column":11},"end":{"line":57,"column":null}}],"line":39},"9":{"loc":{"start":{"line":44,"column":8},"end":{"line":47,"column":null}},"type":"if","locations":[{"start":{"line":44,"column":8},"end":{"line":47,"column":null}},{"start":{},"end":{}}],"line":44},"10":{"loc":{"start":{"line":49,"column":6},"end":{"line":54,"column":null}},"type":"if","locations":[{"start":{"line":49,"column":6},"end":{"line":54,"column":null}},{"start":{},"end":{}}],"line":49},"11":{"loc":{"start":{"line":60,"column":2},"end":{"line":63,"column":null}},"type":"if","locations":[{"start":{"line":60,"column":2},"end":{"line":63,"column":null}},{"start":{},"end":{}}],"line":60},"12":{"loc":{"start":{"line":72,"column":21},"end":{"line":72,"column":null}},"type":"cond-expr","locations":[{"start":{"line":72,"column":58},"end":{"line":72,"column":65}},{"start":{"line":72,"column":65},"end":{"line":72,"column":null}}],"line":72},"13":{"loc":{"start":{"line":72,"column":21},"end":{"line":72,"column":58}},"type":"binary-expr","locations":[{"start":{"line":72,"column":21},"end":{"line":72,"column":29}},{"start":{"line":72,"column":29},"end":{"line":72,"column":58}}],"line":72},"14":{"loc":{"start":{"line":73,"column":11},"end":{"line":76,"column":null}},"type":"cond-expr","locations":[{"start":{"line":74,"column":6},"end":{"line":74,"column":null}},{"start":{"line":76,"column":6},"end":{"line":76,"column":null}}],"line":73},"15":{"loc":{"start":{"line":119,"column":4},"end":{"line":122,"column":null}},"type":"if","locations":[{"start":{"line":119,"column":4},"end":{"line":122,"column":null}},{"start":{},"end":{}}],"line":119},"16":{"loc":{"start":{"line":150,"column":6},"end":{"line":177,"column":null}},"type":"if","locations":[{"start":{"line":150,"column":6},"end":{"line":177,"column":null}},{"start":{"line":172,"column":13},"end":{"line":177,"column":null}}],"line":150},"17":{"loc":{"start":{"line":150,"column":10},"end":{"line":150,"column":73}},"type":"binary-expr","locations":[{"start":{"line":150,"column":10},"end":{"line":150,"column":28}},{"start":{"line":150,"column":28},"end":{"line":150,"column":46}},{"start":{"line":150,"column":46},"end":{"line":150,"column":73}}],"line":150},"18":{"loc":{"start":{"line":158,"column":10},"end":{"line":158,"column":null}},"type":"if","locations":[{"start":{"line":158,"column":10},"end":{"line":158,"column":null}},{"start":{},"end":{}}],"line":158},"19":{"loc":{"start":{"line":158,"column":14},"end":{"line":158,"column":80}},"type":"binary-expr","locations":[{"start":{"line":158,"column":14},"end":{"line":158,"column":38}},{"start":{"line":158,"column":38},"end":{"line":158,"column":80}}],"line":158},"20":{"loc":{"start":{"line":161,"column":12},"end":{"line":161,"column":null}},"type":"if","locations":[{"start":{"line":161,"column":12},"end":{"line":161,"column":null}},{"start":{},"end":{}}],"line":161},"21":{"loc":{"start":{"line":162,"column":12},"end":{"line":169,"column":null}},"type":"if","locations":[{"start":{"line":162,"column":12},"end":{"line":169,"column":null}},{"start":{},"end":{}}],"line":162},"22":{"loc":{"start":{"line":162,"column":16},"end":{"line":162,"column":45}},"type":"binary-expr","locations":[{"start":{"line":162,"column":16},"end":{"line":162,"column":31}},{"start":{"line":162,"column":31},"end":{"line":162,"column":45}}],"line":162},"23":{"loc":{"start":{"line":166,"column":22},"end":{"line":166,"column":null}},"type":"cond-expr","locations":[{"start":{"line":166,"column":43},"end":{"line":166,"column":72}},{"start":{"line":166,"column":72},"end":{"line":166,"column":null}}],"line":166},"24":{"loc":{"start":{"line":214,"column":4},"end":{"line":222,"column":null}},"type":"if","locations":[{"start":{"line":214,"column":4},"end":{"line":222,"column":null}},{"start":{},"end":{}}],"line":214},"25":{"loc":{"start":{"line":230,"column":6},"end":{"line":230,"column":null}},"type":"if","locations":[{"start":{"line":230,"column":6},"end":{"line":230,"column":null}},{"start":{},"end":{}}],"line":230},"26":{"loc":{"start":{"line":232,"column":6},"end":{"line":278,"column":null}},"type":"if","locations":[{"start":{"line":232,"column":6},"end":{"line":278,"column":null}},{"start":{},"end":{}}],"line":232},"27":{"loc":{"start":{"line":232,"column":10},"end":{"line":232,"column":45}},"type":"binary-expr","locations":[{"start":{"line":232,"column":10},"end":{"line":232,"column":28}},{"start":{"line":232,"column":28},"end":{"line":232,"column":45}}],"line":232},"28":{"loc":{"start":{"line":236,"column":16},"end":{"line":236,"column":null}},"type":"cond-expr","locations":[{"start":{"line":236,"column":37},"end":{"line":236,"column":66}},{"start":{"line":236,"column":66},"end":{"line":236,"column":null}}],"line":236},"29":{"loc":{"start":{"line":248,"column":8},"end":{"line":275,"column":null}},"type":"if","locations":[{"start":{"line":248,"column":8},"end":{"line":275,"column":null}},{"start":{"line":272,"column":15},"end":{"line":275,"column":null}}],"line":248},"30":{"loc":{"start":{"line":248,"column":12},"end":{"line":248,"column":50}},"type":"binary-expr","locations":[{"start":{"line":248,"column":12},"end":{"line":248,"column":23}},{"start":{"line":248,"column":23},"end":{"line":248,"column":50}}],"line":248},"31":{"loc":{"start":{"line":251,"column":31},"end":{"line":251,"column":null}},"type":"binary-expr","locations":[{"start":{"line":251,"column":31},"end":{"line":251,"column":84}},{"start":{"line":251,"column":76},"end":{"line":251,"column":null}}],"line":251},"32":{"loc":{"start":{"line":255,"column":10},"end":{"line":255,"column":null}},"type":"if","locations":[{"start":{"line":255,"column":10},"end":{"line":255,"column":null}},{"start":{},"end":{}}],"line":255},"33":{"loc":{"start":{"line":257,"column":10},"end":{"line":268,"column":null}},"type":"if","locations":[{"start":{"line":257,"column":10},"end":{"line":268,"column":null}},{"start":{"line":261,"column":17},"end":{"line":268,"column":null}}],"line":257},"34":{"loc":{"start":{"line":271,"column":30},"end":{"line":271,"column":58}},"type":"cond-expr","locations":[{"start":{"line":271,"column":40},"end":{"line":271,"column":51}},{"start":{"line":271,"column":51},"end":{"line":271,"column":58}}],"line":271},"35":{"loc":{"start":{"line":280,"column":6},"end":{"line":280,"column":null}},"type":"if","locations":[{"start":{"line":280,"column":6},"end":{"line":280,"column":null}},{"start":{},"end":{}}],"line":280},"36":{"loc":{"start":{"line":317,"column":6},"end":{"line":317,"column":null}},"type":"if","locations":[{"start":{"line":317,"column":6},"end":{"line":317,"column":null}},{"start":{},"end":{}}],"line":317},"37":{"loc":{"start":{"line":318,"column":6},"end":{"line":318,"column":null}},"type":"if","locations":[{"start":{"line":318,"column":6},"end":{"line":318,"column":null}},{"start":{},"end":{}}],"line":318},"38":{"loc":{"start":{"line":319,"column":6},"end":{"line":319,"column":null}},"type":"if","locations":[{"start":{"line":319,"column":6},"end":{"line":319,"column":null}},{"start":{},"end":{}}],"line":319},"39":{"loc":{"start":{"line":332,"column":4},"end":{"line":334,"column":null}},"type":"if","locations":[{"start":{"line":332,"column":4},"end":{"line":334,"column":null}},{"start":{},"end":{}}],"line":332},"40":{"loc":{"start":{"line":332,"column":8},"end":{"line":332,"column":59}},"type":"binary-expr","locations":[{"start":{"line":332,"column":8},"end":{"line":332,"column":38}},{"start":{"line":332,"column":38},"end":{"line":332,"column":59}}],"line":332},"41":{"loc":{"start":{"line":337,"column":4},"end":{"line":337,"column":null}},"type":"if","locations":[{"start":{"line":337,"column":4},"end":{"line":337,"column":null}},{"start":{},"end":{}}],"line":337},"42":{"loc":{"start":{"line":340,"column":4},"end":{"line":344,"column":null}},"type":"if","locations":[{"start":{"line":340,"column":4},"end":{"line":344,"column":null}},{"start":{},"end":{}}],"line":340},"43":{"loc":{"start":{"line":340,"column":8},"end":{"line":340,"column":43}},"type":"binary-expr","locations":[{"start":{"line":340,"column":8},"end":{"line":340,"column":26}},{"start":{"line":340,"column":26},"end":{"line":340,"column":43}}],"line":340},"44":{"loc":{"start":{"line":353,"column":21},"end":{"line":353,"column":null}},"type":"cond-expr","locations":[{"start":{"line":353,"column":43},"end":{"line":353,"column":51}},{"start":{"line":353,"column":51},"end":{"line":353,"column":null}}],"line":353},"45":{"loc":{"start":{"line":366,"column":6},"end":{"line":369,"column":null}},"type":"if","locations":[{"start":{"line":366,"column":6},"end":{"line":369,"column":null}},{"start":{},"end":{}}],"line":366},"46":{"loc":{"start":{"line":385,"column":6},"end":{"line":394,"column":null}},"type":"if","locations":[{"start":{"line":385,"column":6},"end":{"line":394,"column":null}},{"start":{},"end":{}}],"line":385},"47":{"loc":{"start":{"line":390,"column":22},"end":{"line":390,"column":53}},"type":"binary-expr","locations":[{"start":{"line":390,"column":22},"end":{"line":390,"column":37}},{"start":{"line":390,"column":37},"end":{"line":390,"column":53}}],"line":390},"48":{"loc":{"start":{"line":413,"column":4},"end":{"line":413,"column":null}},"type":"if","locations":[{"start":{"line":413,"column":4},"end":{"line":413,"column":null}},{"start":{},"end":{}}],"line":413},"49":{"loc":{"start":{"line":418,"column":6},"end":{"line":434,"column":null}},"type":"if","locations":[{"start":{"line":418,"column":6},"end":{"line":434,"column":null}},{"start":{},"end":{}}],"line":418},"50":{"loc":{"start":{"line":422,"column":10},"end":{"line":422,"column":null}},"type":"if","locations":[{"start":{"line":422,"column":10},"end":{"line":422,"column":null}},{"start":{},"end":{}}],"line":422},"51":{"loc":{"start":{"line":428,"column":8},"end":{"line":433,"column":null}},"type":"if","locations":[{"start":{"line":428,"column":8},"end":{"line":433,"column":null}},{"start":{},"end":{}}],"line":428},"52":{"loc":{"start":{"line":444,"column":4},"end":{"line":444,"column":null}},"type":"if","locations":[{"start":{"line":444,"column":4},"end":{"line":444,"column":null}},{"start":{},"end":{}}],"line":444},"53":{"loc":{"start":{"line":444,"column":8},"end":{"line":444,"column":51}},"type":"binary-expr","locations":[{"start":{"line":444,"column":8},"end":{"line":444,"column":26}},{"start":{"line":444,"column":26},"end":{"line":444,"column":51}}],"line":444},"54":{"loc":{"start":{"line":447,"column":4},"end":{"line":447,"column":null}},"type":"if","locations":[{"start":{"line":447,"column":4},"end":{"line":447,"column":null}},{"start":{},"end":{}}],"line":447},"55":{"loc":{"start":{"line":450,"column":6},"end":{"line":450,"column":null}},"type":"if","locations":[{"start":{"line":450,"column":6},"end":{"line":450,"column":null}},{"start":{},"end":{}}],"line":450},"56":{"loc":{"start":{"line":451,"column":6},"end":{"line":451,"column":null}},"type":"if","locations":[{"start":{"line":451,"column":6},"end":{"line":451,"column":null}},{"start":{},"end":{}}],"line":451},"57":{"loc":{"start":{"line":451,"column":10},"end":{"line":451,"column":48}},"type":"binary-expr","locations":[{"start":{"line":451,"column":10},"end":{"line":451,"column":29}},{"start":{"line":451,"column":29},"end":{"line":451,"column":48}}],"line":451},"58":{"loc":{"start":{"line":454,"column":6},"end":{"line":455,"column":null}},"type":"if","locations":[{"start":{"line":454,"column":6},"end":{"line":455,"column":null}},{"start":{"line":454,"column":94},"end":{"line":455,"column":null}}],"line":454},"59":{"loc":{"start":{"line":454,"column":10},"end":{"line":454,"column":58}},"type":"binary-expr","locations":[{"start":{"line":454,"column":10},"end":{"line":454,"column":24}},{"start":{"line":454,"column":24},"end":{"line":454,"column":58}}],"line":454},"60":{"loc":{"start":{"line":454,"column":94},"end":{"line":455,"column":null}},"type":"if","locations":[{"start":{"line":454,"column":94},"end":{"line":455,"column":null}},{"start":{},"end":{}}],"line":454},"61":{"loc":{"start":{"line":455,"column":15},"end":{"line":455,"column":63}},"type":"binary-expr","locations":[{"start":{"line":455,"column":15},"end":{"line":455,"column":30}},{"start":{"line":455,"column":30},"end":{"line":455,"column":63}}],"line":455},"62":{"loc":{"start":{"line":463,"column":4},"end":{"line":471,"column":null}},"type":"if","locations":[{"start":{"line":463,"column":4},"end":{"line":471,"column":null}},{"start":{},"end":{}}],"line":463},"63":{"loc":{"start":{"line":463,"column":4},"end":{"line":463,"column":89}},"type":"binary-expr","locations":[{"start":{"line":463,"column":9},"end":{"line":463,"column":32}},{"start":{"line":463,"column":32},"end":{"line":463,"column":43}},{"start":{"line":463,"column":43},"end":{"line":463,"column":59}},{"start":{"line":463,"column":59},"end":{"line":463,"column":89}}],"line":463},"64":{"loc":{"start":{"line":476,"column":4},"end":{"line":483,"column":null}},"type":"if","locations":[{"start":{"line":476,"column":4},"end":{"line":483,"column":null}},{"start":{},"end":{}}],"line":476},"65":{"loc":{"start":{"line":479,"column":8},"end":{"line":481,"column":null}},"type":"if","locations":[{"start":{"line":479,"column":8},"end":{"line":481,"column":null}},{"start":{},"end":{}}],"line":479},"66":{"loc":{"start":{"line":490,"column":4},"end":{"line":490,"column":null}},"type":"if","locations":[{"start":{"line":490,"column":4},"end":{"line":490,"column":null}},{"start":{},"end":{}}],"line":490},"67":{"loc":{"start":{"line":495,"column":4},"end":{"line":500,"column":null}},"type":"if","locations":[{"start":{"line":495,"column":4},"end":{"line":500,"column":null}},{"start":{},"end":{}}],"line":495},"68":{"loc":{"start":{"line":495,"column":8},"end":{"line":495,"column":53}},"type":"binary-expr","locations":[{"start":{"line":495,"column":8},"end":{"line":495,"column":31}},{"start":{"line":495,"column":31},"end":{"line":495,"column":53}}],"line":495},"69":{"loc":{"start":{"line":509,"column":4},"end":{"line":511,"column":null}},"type":"if","locations":[{"start":{"line":509,"column":4},"end":{"line":511,"column":null}},{"start":{},"end":{}}],"line":509},"70":{"loc":{"start":{"line":509,"column":8},"end":{"line":509,"column":67}},"type":"binary-expr","locations":[{"start":{"line":509,"column":8},"end":{"line":509,"column":21}},{"start":{"line":509,"column":21},"end":{"line":509,"column":39}},{"start":{"line":509,"column":39},"end":{"line":509,"column":67}}],"line":509},"71":{"loc":{"start":{"line":513,"column":19},"end":{"line":515,"column":null}},"type":"cond-expr","locations":[{"start":{"line":514,"column":8},"end":{"line":514,"column":null}},{"start":{"line":515,"column":8},"end":{"line":515,"column":null}}],"line":513},"72":{"loc":{"start":{"line":520,"column":8},"end":{"line":521,"column":null}},"type":"binary-expr","locations":[{"start":{"line":520,"column":8},"end":{"line":520,"column":null}},{"start":{"line":521,"column":9},"end":{"line":521,"column":32}},{"start":{"line":521,"column":32},"end":{"line":521,"column":null}}],"line":520},"73":{"loc":{"start":{"line":524,"column":4},"end":{"line":526,"column":null}},"type":"if","locations":[{"start":{"line":524,"column":4},"end":{"line":526,"column":null}},{"start":{},"end":{}}],"line":524},"74":{"loc":{"start":{"line":524,"column":8},"end":{"line":524,"column":38}},"type":"binary-expr","locations":[{"start":{"line":524,"column":8},"end":{"line":524,"column":21}},{"start":{"line":524,"column":21},"end":{"line":524,"column":38}}],"line":524},"75":{"loc":{"start":{"line":532,"column":4},"end":{"line":542,"column":null}},"type":"if","locations":[{"start":{"line":532,"column":4},"end":{"line":542,"column":null}},{"start":{"line":540,"column":11},"end":{"line":542,"column":null}}],"line":532},"76":{"loc":{"start":{"line":534,"column":15},"end":{"line":534,"column":null}},"type":"binary-expr","locations":[{"start":{"line":534,"column":15},"end":{"line":534,"column":40}},{"start":{"line":534,"column":40},"end":{"line":534,"column":null}}],"line":534},"77":{"loc":{"start":{"line":537,"column":8},"end":{"line":539,"column":null}},"type":"cond-expr","locations":[{"start":{"line":538,"column":12},"end":{"line":538,"column":null}},{"start":{"line":539,"column":12},"end":{"line":539,"column":null}}],"line":537},"78":{"loc":{"start":{"line":539,"column":12},"end":{"line":539,"column":null}},"type":"binary-expr","locations":[{"start":{"line":539,"column":12},"end":{"line":539,"column":22}},{"start":{"line":539,"column":22},"end":{"line":539,"column":null}}],"line":539},"79":{"loc":{"start":{"line":544,"column":4},"end":{"line":546,"column":null}},"type":"if","locations":[{"start":{"line":544,"column":4},"end":{"line":546,"column":null}},{"start":{},"end":{}}],"line":544},"80":{"loc":{"start":{"line":551,"column":17},"end":{"line":551,"column":null}},"type":"binary-expr","locations":[{"start":{"line":551,"column":17},"end":{"line":551,"column":39}},{"start":{"line":551,"column":39},"end":{"line":551,"column":54}},{"start":{"line":551,"column":54},"end":{"line":551,"column":null}}],"line":551},"81":{"loc":{"start":{"line":559,"column":58},"end":{"line":559,"column":94}},"type":"default-arg","locations":[{"start":{"line":559,"column":72},"end":{"line":559,"column":94}}],"line":559},"82":{"loc":{"start":{"line":564,"column":6},"end":{"line":568,"column":null}},"type":"if","locations":[{"start":{"line":564,"column":6},"end":{"line":568,"column":null}},{"start":{},"end":{}}],"line":564},"83":{"loc":{"start":{"line":571,"column":6},"end":{"line":571,"column":null}},"type":"if","locations":[{"start":{"line":571,"column":6},"end":{"line":571,"column":null}},{"start":{},"end":{}}],"line":571},"84":{"loc":{"start":{"line":572,"column":6},"end":{"line":572,"column":null}},"type":"if","locations":[{"start":{"line":572,"column":6},"end":{"line":572,"column":null}},{"start":{},"end":{}}],"line":572},"85":{"loc":{"start":{"line":576,"column":8},"end":{"line":579,"column":null}},"type":"if","locations":[{"start":{"line":576,"column":8},"end":{"line":579,"column":null}},{"start":{},"end":{}}],"line":576},"86":{"loc":{"start":{"line":577,"column":24},"end":{"line":577,"column":null}},"type":"cond-expr","locations":[{"start":{"line":577,"column":53},"end":{"line":577,"column":77}},{"start":{"line":577,"column":77},"end":{"line":577,"column":null}}],"line":577},"87":{"loc":{"start":{"line":582,"column":8},"end":{"line":585,"column":null}},"type":"if","locations":[{"start":{"line":582,"column":8},"end":{"line":585,"column":null}},{"start":{},"end":{}}],"line":582},"88":{"loc":{"start":{"line":595,"column":71},"end":{"line":595,"column":97}},"type":"binary-expr","locations":[{"start":{"line":595,"column":71},"end":{"line":595,"column":96}},{"start":{"line":595,"column":96},"end":{"line":595,"column":97}}],"line":595},"89":{"loc":{"start":{"line":601,"column":8},"end":{"line":619,"column":null}},"type":"if","locations":[{"start":{"line":601,"column":8},"end":{"line":619,"column":null}},{"start":{},"end":{}}],"line":601},"90":{"loc":{"start":{"line":601,"column":12},"end":{"line":601,"column":35}},"type":"binary-expr","locations":[{"start":{"line":601,"column":12},"end":{"line":601,"column":22}},{"start":{"line":601,"column":22},"end":{"line":601,"column":35}}],"line":601},"91":{"loc":{"start":{"line":603,"column":10},"end":{"line":610,"column":null}},"type":"if","locations":[{"start":{"line":603,"column":10},"end":{"line":610,"column":null}},{"start":{},"end":{}}],"line":603},"92":{"loc":{"start":{"line":604,"column":12},"end":{"line":605,"column":null}},"type":"binary-expr","locations":[{"start":{"line":604,"column":12},"end":{"line":604,"column":null}},{"start":{"line":605,"column":12},"end":{"line":605,"column":null}}],"line":604},"93":{"loc":{"start":{"line":613,"column":10},"end":{"line":616,"column":null}},"type":"if","locations":[{"start":{"line":613,"column":10},"end":{"line":616,"column":null}},{"start":{},"end":{}}],"line":613},"94":{"loc":{"start":{"line":613,"column":14},"end":{"line":613,"column":68}},"type":"binary-expr","locations":[{"start":{"line":613,"column":14},"end":{"line":613,"column":35}},{"start":{"line":613,"column":35},"end":{"line":613,"column":68}}],"line":613},"95":{"loc":{"start":{"line":622,"column":8},"end":{"line":625,"column":null}},"type":"if","locations":[{"start":{"line":622,"column":8},"end":{"line":625,"column":null}},{"start":{},"end":{}}],"line":622},"96":{"loc":{"start":{"line":622,"column":12},"end":{"line":622,"column":78}},"type":"binary-expr","locations":[{"start":{"line":622,"column":12},"end":{"line":622,"column":43}},{"start":{"line":622,"column":43},"end":{"line":622,"column":78}}],"line":622},"97":{"loc":{"start":{"line":628,"column":8},"end":{"line":631,"column":null}},"type":"if","locations":[{"start":{"line":628,"column":8},"end":{"line":631,"column":null}},{"start":{},"end":{}}],"line":628},"98":{"loc":{"start":{"line":636,"column":8},"end":{"line":639,"column":null}},"type":"if","locations":[{"start":{"line":636,"column":8},"end":{"line":639,"column":null}},{"start":{},"end":{}}],"line":636},"99":{"loc":{"start":{"line":636,"column":12},"end":{"line":636,"column":75}},"type":"binary-expr","locations":[{"start":{"line":636,"column":12},"end":{"line":636,"column":28}},{"start":{"line":636,"column":28},"end":{"line":636,"column":75}}],"line":636},"100":{"loc":{"start":{"line":655,"column":4},"end":{"line":657,"column":null}},"type":"if","locations":[{"start":{"line":655,"column":4},"end":{"line":657,"column":null}},{"start":{},"end":{}}],"line":655},"101":{"loc":{"start":{"line":655,"column":8},"end":{"line":655,"column":66}},"type":"binary-expr","locations":[{"start":{"line":655,"column":8},"end":{"line":655,"column":25}},{"start":{"line":655,"column":25},"end":{"line":655,"column":36}},{"start":{"line":655,"column":36},"end":{"line":655,"column":57}},{"start":{"line":655,"column":57},"end":{"line":655,"column":66}}],"line":655},"102":{"loc":{"start":{"line":670,"column":4},"end":{"line":672,"column":null}},"type":"if","locations":[{"start":{"line":670,"column":4},"end":{"line":672,"column":null}},{"start":{},"end":{}}],"line":670},"103":{"loc":{"start":{"line":678,"column":4},"end":{"line":680,"column":null}},"type":"if","locations":[{"start":{"line":678,"column":4},"end":{"line":680,"column":null}},{"start":{},"end":{}}],"line":678},"104":{"loc":{"start":{"line":687,"column":71},"end":{"line":687,"column":95}},"type":"binary-expr","locations":[{"start":{"line":687,"column":71},"end":{"line":687,"column":90}},{"start":{"line":687,"column":90},"end":{"line":687,"column":95}}],"line":687},"105":{"loc":{"start":{"line":698,"column":6},"end":{"line":731,"column":null}},"type":"if","locations":[{"start":{"line":698,"column":6},"end":{"line":731,"column":null}},{"start":{"line":705,"column":13},"end":{"line":731,"column":null}}],"line":698},"106":{"loc":{"start":{"line":703,"column":10},"end":{"line":704,"column":null}},"type":"binary-expr","locations":[{"start":{"line":703,"column":10},"end":{"line":703,"column":null}},{"start":{"line":704,"column":10},"end":{"line":704,"column":null}}],"line":703},"107":{"loc":{"start":{"line":707,"column":8},"end":{"line":724,"column":null}},"type":"if","locations":[{"start":{"line":707,"column":8},"end":{"line":724,"column":null}},{"start":{},"end":{}}],"line":707},"108":{"loc":{"start":{"line":712,"column":10},"end":{"line":723,"column":null}},"type":"if","locations":[{"start":{"line":712,"column":10},"end":{"line":723,"column":null}},{"start":{},"end":{}}],"line":712},"109":{"loc":{"start":{"line":714,"column":14},"end":{"line":714,"column":null}},"type":"if","locations":[{"start":{"line":714,"column":14},"end":{"line":714,"column":null}},{"start":{},"end":{}}],"line":714},"110":{"loc":{"start":{"line":727,"column":8},"end":{"line":730,"column":null}},"type":"if","locations":[{"start":{"line":727,"column":8},"end":{"line":730,"column":null}},{"start":{},"end":{}}],"line":727},"111":{"loc":{"start":{"line":727,"column":12},"end":{"line":727,"column":49}},"type":"binary-expr","locations":[{"start":{"line":727,"column":12},"end":{"line":727,"column":31}},{"start":{"line":727,"column":31},"end":{"line":727,"column":49}}],"line":727},"112":{"loc":{"start":{"line":735,"column":6},"end":{"line":756,"column":null}},"type":"if","locations":[{"start":{"line":735,"column":6},"end":{"line":756,"column":null}},{"start":{"line":741,"column":13},"end":{"line":756,"column":null}}],"line":735},"113":{"loc":{"start":{"line":739,"column":10},"end":{"line":740,"column":null}},"type":"binary-expr","locations":[{"start":{"line":739,"column":10},"end":{"line":739,"column":null}},{"start":{"line":740,"column":10},"end":{"line":740,"column":null}}],"line":739},"114":{"loc":{"start":{"line":744,"column":8},"end":{"line":755,"column":null}},"type":"if","locations":[{"start":{"line":744,"column":8},"end":{"line":755,"column":null}},{"start":{"line":748,"column":15},"end":{"line":755,"column":null}}],"line":744},"115":{"loc":{"start":{"line":749,"column":32},"end":{"line":749,"column":null}},"type":"binary-expr","locations":[{"start":{"line":749,"column":32},"end":{"line":749,"column":48}},{"start":{"line":749,"column":48},"end":{"line":749,"column":null}}],"line":749},"116":{"loc":{"start":{"line":750,"column":30},"end":{"line":750,"column":null}},"type":"binary-expr","locations":[{"start":{"line":750,"column":30},"end":{"line":750,"column":50}},{"start":{"line":750,"column":50},"end":{"line":750,"column":67}},{"start":{"line":750,"column":67},"end":{"line":750,"column":null}}],"line":750},"117":{"loc":{"start":{"line":752,"column":10},"end":{"line":754,"column":null}},"type":"if","locations":[{"start":{"line":752,"column":10},"end":{"line":754,"column":null}},{"start":{},"end":{}}],"line":752},"118":{"loc":{"start":{"line":759,"column":6},"end":{"line":764,"column":null}},"type":"if","locations":[{"start":{"line":759,"column":6},"end":{"line":764,"column":null}},{"start":{},"end":{}}],"line":759},"119":{"loc":{"start":{"line":766,"column":6},"end":{"line":768,"column":null}},"type":"if","locations":[{"start":{"line":766,"column":6},"end":{"line":768,"column":null}},{"start":{},"end":{}}],"line":766},"120":{"loc":{"start":{"line":770,"column":26},"end":{"line":770,"column":54}},"type":"cond-expr","locations":[{"start":{"line":770,"column":36},"end":{"line":770,"column":46}},{"start":{"line":770,"column":46},"end":{"line":770,"column":54}}],"line":770},"121":{"loc":{"start":{"line":773,"column":8},"end":{"line":773,"column":null}},"type":"binary-expr","locations":[{"start":{"line":773,"column":8},"end":{"line":773,"column":19}},{"start":{"line":773,"column":19},"end":{"line":773,"column":null}}],"line":773},"122":{"loc":{"start":{"line":778,"column":14},"end":{"line":778,"colu
[...]
:8:625:Infinity":385,"b:622:12:622:43:622:43:622:78":96,"s:623:10:623:Infinity":386,"s:624:10:624:Infinity":387,"b:628:8:631:Infinity:undefined:undefined:undefined:undefined":97,"s:628:8:631:Infinity":388,"s:629:10:629:Infinity":389,"s:630:10:630:Infinity":390,"s:633:8:633:Infinity":391,"b:636:8:639:Infinity:undefined:undefined:undefined:undefined":98,"s:636:8:639:Infinity":392,"b:636:12:636:28:636:28:636:75":99,"s:637:10:637:Infinity":393,"s:638:10:638:Infinity":394,"s:642:8:642:Infinity":395,"f:642:26:642:27":43,"s:642:35:642:56":396,"s:646:4:646:Infinity":397,"s:647:4:647:Infinity":398,"s:653:22:793:Infinity":399,"f:653:22:653:34":44,"b:655:4:657:Infinity:undefined:undefined:undefined:undefined":100,"s:655:4:657:Infinity":400,"b:655:8:655:25:655:25:655:36:655:36:655:57:655:57:655:66":101,"s:656:6:656:Infinity":401,"s:660:4:660:Infinity":402,"s:661:4:661:Infinity":403,"s:662:18:662:Infinity":404,"s:664:10:664:Infinity":405,"s:665:25:665:Infinity":406,"s:666:24:666:Infinity":407,"s:667:27:667:Infinity":408,"b:670:4:672:Infinity:undefined:undefined:undefined:undefined":102,"s:670:4:672:Infinity":409,"s:671:6:671:Infinity":410,"s:675:4:675:Infinity":411,"f:675:16:675:17":45,"s:675:26:675:48":412,"s:676:4:676:Infinity":413,"s:677:4:677:Infinity":414,"b:678:4:680:Infinity:undefined:undefined:undefined:undefined":103,"s:678:4:680:Infinity":415,"s:679:6:679:Infinity":416,"s:682:26:682:Infinity":417,"s:683:18:683:Infinity":418,"s:684:18:684:Infinity":419,"s:686:4:792:Infinity":420,"s:687:6:687:Infinity":421,"b:687:71:687:90:687:90:687:95":104,"s:689:23:693:Infinity":422,"s:695:6:695:Infinity":423,"b:698:6:731:Infinity:705:13:731:Infinity":105,"s:698:6:731:Infinity":424,"s:699:8:699:Infinity":425,"s:700:8:700:Infinity":426,"s:701:8:701:Infinity":427,"s:702:8:704:Infinity":428,"b:703:10:703:Infinity:704:10:704:Infinity":106,"b:707:8:724:Infinity:undefined:undefined:undefined:undefined":107,"s:707:8:724:Infinity":429,"s:708:10:708:Infinity":430,"s:709:10:709:Infinity":431,"b:712:10:723:Infinity:undefined:undefined:undefined:undefined":108,"s:712:10:723:Infinity":432,"s:713:12:720:Infinity":433,"f:713:30:713:31":46,"b:714:14:714:Infinity:undefined:undefined:undefined:undefined":109,"s:714:14:714:Infinity":434,"f:714:28:714:33":47,"s:714:33:714:63":435,"s:714:66:714:Infinity":436,"s:715:14:719:Infinity":437,"s:721:12:721:Infinity":438,"s:722:12:722:Infinity":439,"b:727:8:730:Infinity:undefined:undefined:undefined:undefined":110,"s:727:8:730:Infinity":440,"b:727:12:727:31:727:31:727:49":111,"s:728:10:728:Infinity":441,"s:729:10:729:Infinity":442,"s:733:6:733:Infinity":443,"b:735:6:756:Infinity:741:13:756:Infinity":112,"s:735:6:756:Infinity":444,"s:736:8:736:Infinity":445,"s:737:8:737:Infinity":446,"s:738:8:740:Infinity":447,"b:739:10:739:Infinity:740:10:740:Infinity":113,"s:742:33:742:Infinity":448,"b:744:8:755:Infinity:748:15:755:Infinity":114,"s:744:8:755:Infinity":449,"s:745:10:745:Infinity":450,"s:746:10:746:Infinity":451,"s:747:10:747:Infinity":452,"s:749:32:749:Infinity":453,"b:749:32:749:48:749:48:749:Infinity":115,"s:750:30:750:Infinity":454,"b:750:30:750:50:750:50:750:67:750:67:750:Infinity":116,"b:752:10:754:Infinity:undefined:undefined:undefined:undefined":117,"s:752:10:754:Infinity":455,"s:753:12:753:Infinity":456,"b:759:6:764:Infinity:undefined:undefined:undefined:undefined":118,"s:759:6:764:Infinity":457,"s:760:8:760:Infinity":458,"s:761:8:761:Infinity":459,"s:762:8:762:Infinity":460,"s:763:8:763:Infinity":461,"b:766:6:768:Infinity:undefined:undefined:undefined:undefined":119,"s:766:6:768:Infinity":462,"s:767:8:767:Infinity":463,"s:770:6:770:Infinity":464,"b:770:36:770:46:770:46:770:54":120,"s:773:8:773:Infinity":465,"b:773:8:773:19:773:19:773:Infinity":121,"s:775:6:780:Infinity":466,"f:775:18:775:19":48,"s:775:28:780:8":467,"b:778:24:778:38:778:38:778:Infinity":122,"b:784:6:786:Infinity:undefined:undefined:undefined:undefined":123,"s:784:6:786:Infinity":468,"b:784:10:784:29:784:29:784:40:784:40:784:50":124,"s:785:8:785:Infinity":469,"s:788:6:788:Infinity":470,"s:789:6:789:Infinity":471,"s:790:6:790:Infinity":472,"s:791:6:791:Infinity":473,"s:798:26:806:Infinity":474,"f:798:26:798:33":49,"s:799:4:805:Infinity":475,"s:800:6:800:Infinity":476,"s:801:6:801:Infinity":477,"s:802:6:802:Infinity":478,"f:802:17:802:23":50,"s:802:23:802:43":479,"s:804:6:804:Infinity":480,"s:812:27:820:Infinity":481,"f:812:27:812:39":51,"s:813:4:819:Infinity":482,"s:814:6:814:Infinity":483,"s:815:6:815:Infinity":484,"s:817:6:817:Infinity":485,"s:818:6:818:Infinity":486,"s:825:31:833:Infinity":487,"f:825:31:825:37":52,"s:826:17:826:Infinity":488,"s:827:16:827:Infinity":489,"s:828:14:828:Infinity":490,"s:829:4:829:Infinity":491,"s:830:4:830:Infinity":492,"s:831:4:831:Infinity":493,"s:832:4:832:Infinity":494,"s:838:28:843:Infinity":495,"f:838:28:838:29":53,"s:839:4:839:Infinity":496,"s:840:15:840:Infinity":497,"s:841:4:841:Infinity":498,"s:842:4:842:Infinity":499,"s:848:24:853:Infinity":500,"f:848:24:848:25":54,"b:849:4:852:Infinity:undefined:undefined:undefined:undefined":125,"s:849:4:852:Infinity":501,"b:849:8:849:29:849:29:849:42":126,"s:850:6:850:Infinity":502,"s:851:6:851:Infinity":503,"s:855:2:1062:Infinity":504,"b:856:70:856:88:856:88:856:90":127,"b:858:7:858:Infinity:859:8:928:Infinity":128,"f:862:61:862:67":55,"s:862:69:862:92":505,"s:862:92:862:159":506,"s:862:98:862:148":507,"b:872:23:872:51:872:51:872:Infinity":129,"b:876:14:876:Infinity:877:16:925:Infinity":130,"b:878:14:883:Infinity:884:16:925:Infinity":131,"b:885:14:885:Infinity:887:14:925:Infinity":132,"f:887:33:887:34":56,"s:888:16:924:Infinity":508,"b:890:80:890:92:890:92:890:94":133,"f:891:27:891:33":57,"s:891:33:891:Infinity":509,"f:892:29:892:30":58,"b:892:38:892:131:undefined:undefined:undefined:undefined":134,"s:892:38:892:131":510,"b:892:42:892:63:892:63:892:78":135,"s:892:80:892:100":511,"s:892:100:892:129":512,"b:902:24:902:Infinity:904:24:920:Infinity":136,"f:905:72:905:73":59,"s:905:79:905:111":513,"f:910:72:910:73":60,"s:910:79:910:135":514,"f:915:79:915:80":61,"s:915:86:915:127":515,"b:932:7:932:Infinity:933:8:941:Infinity":137,"f:933:56:933:62":62,"s:933:62:933:86":516,"f:933:97:933:98":63,"b:933:106:933:154:undefined:undefined:undefined:undefined":138,"s:933:106:933:154":517,"s:933:130:933:154":518,"f:934:70:934:71":64,"s:934:77:934:Infinity":519,"f:937:67:937:73":65,"s:937:73:937:97":520,"b:944:86:944:105:944:105:944:107":139,"b:944:36:944:59:944:59:944:70:944:70:944:86":140,"b:948:13:948:Infinity:949:14:953:Infinity":141,"b:949:80:949:92:949:92:949:94":142,"b:957:13:957:Infinity:958:14:962:Infinity":143,"b:964:13:964:Infinity:965:14:979:Infinity":144,"b:982:11:982:27:982:27:982:Infinity":145,"b:985:11:985:Infinity:986:12:993:Infinity":146,"f:995:24:995:25":66,"s:996:12:1025:Infinity":521,"b:996:84:996:95:996:95:996:97":147,"b:996:136:996:164:996:164:996:Infinity":148,"b:998:16:1021:Infinity:1023:16:1023:Infinity":149,"b:1000:60:1000:72:1000:72:1000:74":150,"f:1001:27:1001:33":67,"s:1001:33:1001:Infinity":522,"b:1005:20:1005:Infinity:1007:20:1010:Infinity":151,"b:1027:11:1027:Infinity:1028:12:1035:Infinity":152,"b:1034:15:1034:30:1034:30:1034:Infinity":153,"b:1043:22:1043:33:1043:33:1043:Infinity":154,"b:1048:35:1048:63:1048:63:1048:Infinity":155,"b:1048:79:1048:113:1048:113:1048:Infinity":156,"b:1055:22:1055:33:1055:33:1055:44:1055:44:1055:Infinity":157}}}
,"/Users/richardbraamburg/Projects/bnz/smartspace.ai-bot/src/app/src/services/smartspace.js": {"path":"/Users/richardbraamburg/Projects/bnz/smartspace.ai-bot/src/app/src/services/smartspace.js","statementMap":{"0":{"start":{"line":3,"column":21},"end":{"line":3,"column":33}},"1":{"start":{"line":5,"column":33},"end":{"line":92,"column":1}},"2":{"start":{"line":7,"column":4},"end":{"line":27,"column":null}},"3":{"start":{"line":8,"column":22},"end":{"line":11,"column":7}},"4":{"start":{"line":14,"column":6},"end":{"line":16,"column":null}},"5":{"start":{"line":15,"column":8},"end":{"line":15,"column":null}},"6":{"start":{"line":18,"column":23},"end":{"line":21,"column":8}},"7":{"start":{"line":23,"column":6},"end":{"line":23,"column":null}},"8":{"start":{"line":25,"column":6},"end":{"line":25,"column":null}},"9":{"start":{"line":26,"column":6},"end":{"line":26,"column":null}},"10":{"start":{"line":31,"column":4},"end":{"line":40,"column":null}},"11":{"start":{"line":32,"column":23},"end":{"line":35,"column":8}},"12":{"start":{"line":36,"column":6},"end":{"line":36,"column":null}},"13":{"start":{"line":38,"column":6},"end":{"line":38,"column":null}},"14":{"start":{"line":39,"column":6},"end":{"line":39,"column":null}},"15":{"start":{"line":44,"column":4},"end":{"line":53,"column":null}},"16":{"start":{"line":45,"column":23},"end":{"line":48,"column":8}},"17":{"start":{"line":49,"column":6},"end":{"line":49,"column":null}},"18":{"start":{"line":51,"column":6},"end":{"line":51,"column":null}},"19":{"start":{"line":52,"column":6},"end":{"line":52,"column":null}},"20":{"start":{"line":57,"column":4},"end":{"line":66,"column":null}},"21":{"start":{"line":58,"column":23},"end":{"line":61,"column":8}},"22":{"start":{"line":62,"column":6},"end":{"line":62,"column":null}},"23":{"start":{"line":64,"column":6},"end":{"line":64,"column":null}},"24":{"start":{"line":65,"column":6},"end":{"line":65,"column":null}},"25":{"start":{"line":70,"column":4},"end":{"line":90,"column":null}},"26":{"start":{"line":71,"column":22},"end":{"line":74,"column":7}},"27":{"start":{"line":77,"column":6},"end":{"line":79,"column":null}},"28":{"start":{"line":78,"column":8},"end":{"line":78,"column":null}},"29":{"start":{"line":81,"column":23},"end":{"line":84,"column":8}},"30":{"start":{"line":86,"column":6},"end":{"line":86,"column":null}},"31":{"start":{"line":88,"column":6},"end":{"line":88,"column":null}},"32":{"start":{"line":89,"column":6},"end":{"line":89,"column":null}}},"fnMap":{"0":{"name":"(anonymous_0)","decl":{"start":{"line":6,"column":8},"end":{"line":6,"column":16}},"loc":{"start":{"line":6,"column":64},"end":{"line":28,"column":3}},"line":6},"1":{"name":"(anonymous_1)","decl":{"start":{"line":30,"column":8},"end":{"line":30,"column":18}},"loc":{"start":{"line":30,"column":21},"end":{"line":41,"column":3}},"line":30},"2":{"name":"(anonymous_2)","decl":{"start":{"line":43,"column":8},"end":{"line":43,"column":17}},"loc":{"start":{"line":43,"column":28},"end":{"line":54,"column":3}},"line":43},"3":{"name":"(anonymous_3)","decl":{"start":{"line":56,"column":8},"end":{"line":56,"column":20}},"loc":{"start":{"line":56,"column":31},"end":{"line":67,"column":3}},"line":56},"4":{"name":"(anonymous_4)","decl":{"start":{"line":69,"column":8},"end":{"line":69,"column":24}},"loc":{"start":{"line":69,"column":74},"end":{"line":91,"column":3}},"line":69}},"branchMap":{"0":{"loc":{"start":{"line":6,"column":26},"end":{"line":6,"column":38}},"type":"default-arg","locations":[{"start":{"line":6,"column":36},"end":{"line":6,"column":38}}],"line":6},"1":{"loc":{"start":{"line":6,"column":40},"end":{"line":6,"column":62}},"type":"default-arg","locations":[{"start":{"line":6,"column":58},"end":{"line":6,"column":62}}],"line":6},"2":{"loc":{"start":{"line":14,"column":6},"end":{"line":16,"column":null}},"type":"if","locations":[{"start":{"line":14,"column":6},"end":{"line":16,"column":null}},{"start":{},"end":{}}],"line":14},"3":{"loc":{"start":{"line":69,"column":52},"end":{"line":69,"column":72}},"type":"default-arg","locations":[{"start":{"line":69,"column":68},"end":{"line":69,"column":72}}],"line":69},"4":{"loc":{"start":{"line":77,"column":6},"end":{"line":79,"column":null}},"type":"if","locations":[{"start":{"line":77,"column":6},"end":{"line":79,"column":null}},{"start":{},"end":{}}],"line":77}},"s":{"0":1,"1":1,"2":4,"3":4,"4":4,"5":1,"6":4,"7":3,"8":1,"9":1,"10":2,"11":2,"12":2,"13":0,"14":0,"15":2,"16":2,"17":2,"18":0,"19":0,"20":3,"21":3,"22":2,"23":1,"24":1,"25":4,"26":4,"27":4,"28":1,"29":4,"30":3,"31":1,"32":1},"f":{"0":4,"1":2,"2":2,"3":3,"4":4},"b":{"0":[4],"1":[4],"2":[1,3],"3":[4],"4":[1,3]},"meta":{"lastBranch":5,"lastFunction":5,"lastStatement":33,"seen":{"s:3:21:3:33":0,"s:5:33:92:1":1,"f:6:8:6:16":0,"b:6:36:6:38":0,"b:6:58:6:62":1,"s:7:4:27:Infinity":2,"s:8:22:11:7":3,"b:14:6:16:Infinity:undefined:undefined:undefined:undefined":2,"s:14:6:16:Infinity":4,"s:15:8:15:Infinity":5,"s:18:23:21:8":6,"s:23:6:23:Infinity":7,"s:25:6:25:Infinity":8,"s:26:6:26:Infinity":9,"f:30:8:30:18":1,"s:31:4:40:Infinity":10,"s:32:23:35:8":11,"s:36:6:36:Infinity":12,"s:38:6:38:Infinity":13,"s:39:6:39:Infinity":14,"f:43:8:43:17":2,"s:44:4:53:Infinity":15,"s:45:23:48:8":16,"s:49:6:49:Infinity":17,"s:51:6:51:Infinity":18,"s:52:6:52:Infinity":19,"f:56:8:56:20":3,"s:57:4:66:Infinity":20,"s:58:23:61:8":21,"s:62:6:62:Infinity":22,"s:64:6:64:Infinity":23,"s:65:6:65:Infinity":24,"f:69:8:69:24":4,"b:69:68:69:72":3,"s:70:4:90:Infinity":25,"s:71:22:74:7":26,"b:77:6:79:Infinity:undefined:undefined:undefined:undefined":4,"s:77:6:79:Infinity":27,"s:78:8:78:Infinity":28,"s:81:23:84:8":29,"s:86:6:86:Infinity":30,"s:88:6:88:Infinity":31,"s:89:6:89:Infinity":32}}}
,"/Users/richardbraamburg/Projects/bnz/smartspace.ai-bot/src/app/test/mocks/hubspotContext.js": {"path":"/Users/richardbraamburg/Projects/bnz/smartspace.ai-bot/src/app/test/mocks/hubspotContext.js","statementMap":{"0":{"start":{"line":5,"column":2},"end":{"line":10,"column":null}},"1":{"start":{"line":14,"column":16},"end":{"line":14,"column":18}},"2":{"start":{"line":15,"column":13},"end":{"line":15,"column":47}},"3":{"start":{"line":15,"column":27},"end":{"line":15,"column":47}},"4":{"start":{"line":16,"column":2},"end":{"line":16,"column":null}},"5":{"start":{"line":17,"column":2},"end":{"line":17,"column":null}},"6":{"start":{"line":17,"column":22},"end":{"line":17,"column":45}},"7":{"start":{"line":18,"column":2},"end":{"line":18,"column":null}},"8":{"start":{"line":18,"column":21},"end":{"line":18,"column":38}},"9":{"start":{"line":19,"column":2},"end":{"line":19,"column":null}}},"fnMap":{"0":{"name":"makeContext","decl":{"start":{"line":4,"column":16},"end":{"line":4,"column":27}},"loc":{"start":{"line":4,"column":64},"end":{"line":11,"column":null}},"line":4},"1":{"name":"makeSendResponse","decl":{"start":{"line":13,"column":16},"end":{"line":13,"column":32}},"loc":{"start":{"line":13,"column":35},"end":{"line":20,"column":null}},"line":13},"2":{"name":"(anonymous_2)","decl":{"start":{"line":15,"column":13},"end":{"line":15,"column":14}},"loc":{"start":{"line":15,"column":27},"end":{"line":15,"column":47}},"line":15},"3":{"name":"(anonymous_3)","decl":{"start":{"line":17,"column":16},"end":{"line":17,"column":17}},"loc":{"start":{"line":17,"column":22},"end":{"line":17,"column":45}},"line":17},"4":{"name":"(anonymous_4)","decl":{"start":{"line":18,"column":13},"end":{"line":18,"column":14}},"loc":{"start":{"line":18,"column":19},"end":{"line":18,"column":40}},"line":18}},"branchMap":{"0":{"loc":{"start":{"line":4,"column":28},"end":{"line":4,"column":62}},"type":"default-arg","locations":[{"start":{"line":4,"column":60},"end":{"line":4,"column":62}}],"line":4},"1":{"loc":{"start":{"line":4,"column":37},"end":{"line":4,"column":46}},"type":"default-arg","locations":[{"start":{"line":4,"column":44},"end":{"line":4,"column":46}}],"line":4},"2":{"loc":{"start":{"line":7,"column":13},"end":{"line":9,"column":32}},"type":"cond-expr","locations":[{"start":{"line":8,"column":8},"end":{"line":8,"column":null}},{"start":{"line":9,"column":8},"end":{"line":9,"column":32}}],"line":7},"3":{"loc":{"start":{"line":9,"column":8},"end":{"line":9,"column":32}},"type":"cond-expr","locations":[{"start":{"line":9,"column":16},"end":{"line":9,"column":25}},{"start":{"line":9,"column":28},"end":{"line":9,"column":32}}],"line":9}},"s":{"0":106,"1":108,"2":108,"3":106,"4":108,"5":108,"6":96,"7":108,"8":0,"9":108},"f":{"0":106,"1":108,"2":106,"3":96,"4":0},"b":{"0":[106],"1":[106],"2":[2,104],"3":[104,0]},"meta":{"lastBranch":4,"lastFunction":5,"lastStatement":10,"seen":{"f:4:16:4:27":0,"b:4:60:4:62":0,"b:4:44:4:46":1,"s:5:2:10:Infinity":0,"b:8:8:8:Infinity:9:8:9:32":2,"b:9:16:9:25:9:28:9:32":3,"f:13:16:13:32":1,"s:14:16:14:18":1,"s:15:13:15:47":2,"f:15:13:15:14":2,"s:15:27:15:47":3,"s:16:2:16:Infinity":4,"s:17:2:17:Infinity":5,"f:17:16:17:17":3,"s:17:22:17:45":6,"s:18:2:18:Infinity":7,"f:18:13:18:14":4,"s:18:21:18:38":8,"s:19:2:19:Infinity":9}}}
,"/Users/richardbraamburg/Projects/bnz/smartspace.ai-bot/src/app/test/mocks/proxyTestHelper.js": {"path":"/Users/richardbraamburg/Projects/bnz/smartspace.ai-bot/src/app/test/mocks/proxyTestHelper.js","statementMap":{"0":{"start":{"line":12,"column":18},"end":{"line":15,"column":10}},"1":{"start":{"line":17,"column":20},"end":{"line":17,"column":45}},"2":{"start":{"line":18,"column":26},"end":{"line":18,"column":55}},"3":{"start":{"line":25,"column":19},"end":{"line":25,"column":26}},"4":{"start":{"line":26,"column":18},"end":{"line":26,"column":25}},"5":{"start":{"line":27,"column":20},"end":{"line":27,"column":27}},"6":{"start":{"line":28,"column":20},"end":{"line":33,"column":3}},"7":{"start":{"line":36,"column":16},"end":{"line":36,"column":29}},"8":{"start":{"line":37,"column":2},"end":{"line":41,"column":null}},"9":{"start":{"line":38,"column":4},"end":{"line":40,"column":null}},"10":{"start":{"line":39,"column":6},"end":{"line":39,"column":null}},"11":{"start":{"line":44,"column":2},"end":{"line":49,"column":null}},"12":{"start":{"line":52,"column":2},"end":{"line":52,"column":null}},"13":{"start":{"line":53,"column":2},"end":{"line":53,"column":null}},"14":{"start":{"line":54,"column":2},"end":{"line":54,"column":null}},"15":{"start":{"line":55,"column":2},"end":{"line":55,"column":null}},"16":{"start":{"line":56,"column":2},"end":{"line":56,"column":null}},"17":{"start":{"line":57,"column":2},"end":{"line":57,"column":null}},"18":{"start":{"line":58,"column":2},"end":{"line":58,"column":null}},"19":{"start":{"line":62,"column":2},"end":{"line":62,"column":null}},"20":{"start":{"line":64,"column":16},"end":{"line":64,"column":130}},"21":{"start":{"line":65,"column":20},"end":{"line":65,"column":53}},"22":{"start":{"line":67,"column":2},"end":{"line":67,"column":null}}},"fnMap":{"0":{"name":"setupProxy","decl":{"start":{"line":24,"column":22},"end":{"line":24,"column":32}},"loc":{"start":{"line":24,"column":35},"end":{"line":68,"column":null}},"line":24}},"branchMap":{"0":{"loc":{"start":{"line":38,"column":4},"end":{"line":40,"column":null}},"type":"if","locations":[{"start":{"line":38,"column":4},"end":{"line":40,"column":null}},{"start":{},"end":{}}],"line":38},"1":{"loc":{"start":{"line":38,"column":8},"end":{"line":38,"column":69}},"type":"binary-expr","locations":[{"start":{"line":38,"column":8},"end":{"line":38,"column":40}},{"start":{"line":38,"column":44},"end":{"line":38,"column":69}}],"line":38},"2":{"loc":{"start":{"line":65,"column":20},"end":{"line":65,"column":53}},"type":"binary-expr","locations":[{"start":{"line":65,"column":20},"end":{"line":65,"column":30}},{"start":{"line":65,"column":34},"end":{"line":65,"column":53}}],"line":65}},"s":{"0":7,"1":7,"2":7,"3":38,"4":38,"5":38,"6":38,"7":38,"8":38,"9":6187,"10":31,"11":38,"12":38,"13":38,"14":38,"15":38,"16":38,"17":38,"18":38,"19":38,"20":38,"21":38,"22":38},"f":{"0":38},"b":{"0":[31,6156],"1":[6187,6156],"2":[38,0]},"meta":{"lastBranch":3,"lastFunction":1,"lastStatement":23,"seen":{"s:12:18:15:10":0,"s:17:20:17:45":1,"s:18:26:18:55":2,"f:24:22:24:32":0,"s:25:19:25:26":3,"s:26:18:26:25":4,"s:27:20:27:27":5,"s:28:20:33:3":6,"s:36:16:36:29":7,"s:37:2:41:Infinity":8,"b:38:4:40:Infinity:undefined:undefined:undefined:undefined":0,"s:38:4:40:Infinity":9,"b:38:8:38:40:38:44:38:69":1,"s:39:6:39:Infinity":10,"s:44:2:49:Infinity":11,"s:52:2:52:Infinity":12,"s:53:2:53:Infinity":13,"s:54:2:54:Infinity":14,"s:55:2:55:Infinity":15,"s:56:2:56:Infinity":16,"s:57:2:57:Infinity":17,"s:58:2:58:Infinity":18,"s:62:2:62:Infinity":19,"s:64:16:64:130":20,"s:65:20:65:53":21,"b:65:20:65:30:65:34:65:53":2,"s:67:2:67:Infinity":22}}}
}
